Removed Pin From Net: NetName=GND Pin=R26-1
Added Component: Designator=TP1(TP_15)
Added Component: Designator=TP2(TP_15)
Added Component: Designator=TP3(TP_15)
Added Component: Designator=TP4(TP_15)
Added Component: Designator=TP5(TP_15)
Added Component: Designator=TP6(TP_15)
Added Component: Designator=TP7(TP_15)
Added Pin To Net: NetName=VDD Pin=TP1-1
Added Pin To Net: NetName=VCC_BAT Pin=TP2-1
Added Pin To Net: NetName=NetC16_1 Pin=TP3-1
Added Pin To Net: NetName=GND Pin=TP4-1
Added Pin To Net: NetName=IOVDD Pin=TP5-1
Added Pin To Net: NetName=AGND Pin=TP6-1
Added Pin To Net: NetName=CVDD Pin=TP7-1
Added Member To Class: ClassName=Power Member=Component TP1 TP
Added Member To Class: ClassName=Power Member=Component TP2 TP
Added Member To Class: ClassName=Regulator Member=Component TP3 TP
Added Member To Class: ClassName=Regulator Member=Component TP4 TP
Added Member To Class: ClassName=VS1063 Member=Component TP5 TP
Added Member To Class: ClassName=VS1063 Member=Component TP6 TP
Added Member To Class: ClassName=VS1063 Member=Component TP7 TP
