Added Component: Designator=C1(C0805)
Added Component: Designator=C2(C0805)
Added Component: Designator=C3(C0805)
Added Component: Designator=C4(C0805)
Added Component: Designator=C5(C0805)
Added Component: Designator=C6(C0805)
Added Component: Designator=C7(C0805)
Added Component: Designator=C8(C0805)
Added Component: Designator=C9(C0805)
Added Component: Designator=C10(C0805)
Added Component: Designator=C11(C1206)
Added Component: Designator=C12(C1206)
Added Component: Designator=C13(C0805)
Added Component: Designator=C14(C1206)
Added Component: Designator=C15(C1206)
Added Component: Designator=C16(C0805)
Added Component: Designator=C17(C0805)
Added Component: Designator=C18(C0805)
Added Component: Designator=C19(C0805)
Added Component: Designator=C20(C0805)
Added Component: Designator=C21(C0805)
Added Component: Designator=C22(C0805)
Added Component: Designator=C23(C0805)
Added Component: Designator=C24(C0805)
Added Component: Designator=C25(C0805)
Added Component: Designator=C26(C0805)
Added Component: Designator=C27(C0805)
Added Component: Designator=C28(C0805)
Added Component: Designator=C29(C0805)
Added Component: Designator=C30(C0805)
Added Component: Designator=C31(C0805)
Added Component: Designator=C32(C0805)
Added Component: Designator=C33(C0805)
Added Component: Designator=C34(C0805)
Added Component: Designator=C35(C0805)
Added Component: Designator=C36(C0805)
Added Component: Designator=C37(C0805)
Added Component: Designator=C38(C0805)
Added Component: Designator=C39(C0805)
Added Component: Designator=C40(C0805)
Added Component: Designator=C41(RB7.6-15)
Added Component: Designator=C42(C0805)
Added Component: Designator=C43(C0805)
Added Component: Designator=C44(RB7.6-15)
Added Component: Designator=C45(C0805)
Added Component: Designator=C46(C0805)
Added Component: Designator=C47(C0805)
Added Component: Designator=C48(C0805)
Added Component: Designator=C49(C0805)
Added Component: Designator=C50(C0805)
Added Component: Designator=C51(C0805)
Added Component: Designator=C52(C0805)
Added Component: Designator=C53(C0805)
Added Component: Designator=C54(C0805)
Added Component: Designator=C55(C0805)
Added Component: Designator=C56(C0805)
Added Component: Designator=C57(C0805)
Added Component: Designator=C58(C0805)
Added Component: Designator=C59(C0805)
Added Component: Designator=C60(0603PKG)
Added Component: Designator=C61(0603PKG)
Added Component: Designator=D1(SMD_LED_1206)
Added Component: Designator=D2(SMD_LED_1206)
Added Component: Designator=D3(SMD_LED_1206)
Added Component: Designator=D4(SMD_LED_1206)
Added Component: Designator=D5(SMD_LED_1206)
Added Component: Designator=D6(SMD_LED_1206)
Added Component: Designator=J1(ST-3150-5N)
Added Component: Designator=L1(C0805)
Added Component: Designator=L2(C0805)
Added Component: Designator=L3(INDP130102X30N)
Added Component: Designator=L4(C0805)
Added Component: Designator=L5(C0805)
Added Component: Designator=MK1(PIN2)
Added Component: Designator=P1(HDR1X3)
Added Component: Designator=P2(HDR2X13)
Added Component: Designator=P3(HDR1X4)
Added Component: Designator=P4(HDR1X2)
Added Component: Designator=P5(Mini USB)
Added Component: Designator=Q1(SOT23)
Added Component: Designator=Q2(SOT23)
Added Component: Designator=Q3(SOT23)
Added Component: Designator=R1(C0805)
Added Component: Designator=R2(C0805)
Added Component: Designator=R3(C0805)
Added Component: Designator=R4(C0805)
Added Component: Designator=R5(C0805)
Added Component: Designator=R6(C0805)
Added Component: Designator=R7(C0805)
Added Component: Designator=R8(C0805)
Added Component: Designator=R9(C0805)
Added Component: Designator=R10(C0805)
Added Component: Designator=R11(C0805)
Added Component: Designator=R12(C0805)
Added Component: Designator=R13(C0805)
Added Component: Designator=R14(C0805)
Added Component: Designator=R15(C0805)
Added Component: Designator=R16(C0805)
Added Component: Designator=R17(C0805)
Added Component: Designator=R18(C0805)
Added Component: Designator=R19(C0805)
Added Component: Designator=R20(C0805)
Added Component: Designator=R21(C0805)
Added Component: Designator=R22(C0805)
Added Component: Designator=R23(C0805)
Added Component: Designator=R24(C0805)
Added Component: Designator=R25(C0805)
Added Component: Designator=R26(C0805)
Added Component: Designator=R27(C0805)
Added Component: Designator=R28(C0805)
Added Component: Designator=R29(C0805)
Added Component: Designator=R30(C0805)
Added Component: Designator=R31(C0805)
Added Component: Designator=R32(C0805)
Added Component: Designator=R33(C0805)
Added Component: Designator=R34(C0805)
Added Component: Designator=R35(C0805)
Added Component: Designator=R36(C0805)
Added Component: Designator=R37(C0805)
Added Component: Designator=R38(C0805)
Added Component: Designator=R39(C0805)
Added Component: Designator=R40(C0805)
Added Component: Designator=R41(C0805)
Added Component: Designator=R42(C0805)
Added Component: Designator=R43(C0805)
Added Component: Designator=R44(C0805)
Added Component: Designator=R45(C0805)
Added Component: Designator=R46(C0805)
Added Component: Designator=R47(C0805)
Added Component: Designator=R48(C0805)
Added Component: Designator=R49(C0805)
Added Component: Designator=R50(C0805)
Added Component: Designator=R51(C0805)
Added Component: Designator=R52(C0805)
Added Component: Designator=R53(C0805)
Added Component: Designator=R54(C0805)
Added Component: Designator=R55(C0805)
Added Component: Designator=R56(C0805)
Added Component: Designator=R57(C0805)
Added Component: Designator=R58(C0805)
Added Component: Designator=R59(C0805)
Added Component: Designator=R60(C0805)
Added Component: Designator=R61(C0805)
Added Component: Designator=R62(C0805)
Added Component: Designator=R63(C0805)
Added Component: Designator=S1(SPST-2)
Added Component: Designator=S2(SPST-2)
Added Component: Designator=S3(SPST-2)
Added Component: Designator=S4(SPST-2)
Added Component: Designator=S5(SPST-2)
Added Component: Designator=SD1(MicroSD socket)
Added Component: Designator=U1(SOT23-5)
Added Component: Designator=U2(SOT23-6)
Added Component: Designator=U3(QFN16-4*4*0.65)
Added Component: Designator=U4(SOT23-5)
Added Component: Designator=U5(SOT23-5)
Added Component: Designator=U6(SOT23-5)
Added Component: Designator=U7(LQFP48)
Added Component: Designator=U8(STM-LQFP64_N)
Added Component: Designator=Y1(SMD_Crystal)
Added Component: Designator=Y2(SMD_Crystal)
Added Component: Designator=Y3(CM415)
Added Pin To Net: NetName=GND Pin=C1-1
Added Pin To Net: NetName=VCC_3V3 Pin=C1-2
Added Pin To Net: NetName=GND Pin=C2-1
Added Pin To Net: NetName=VCC_3V3 Pin=C2-2
Added Pin To Net: NetName=GND Pin=C3-1
Added Pin To Net: NetName=VCC_BAT Pin=C3-2
Added Pin To Net: NetName=NetC4_1 Pin=C4-1
Added Pin To Net: NetName=NetC4_2 Pin=C4-2
Added Pin To Net: NetName=GND Pin=C5-1
Added Pin To Net: NetName=5V0 Pin=C5-2
Added Pin To Net: NetName=GND Pin=C6-1
Added Pin To Net: NetName=5V0 Pin=C6-2
Added Pin To Net: NetName=GND Pin=C7-1
Added Pin To Net: NetName=NetC7_2 Pin=C7-2
Added Pin To Net: NetName=GND Pin=C8-1
Added Pin To Net: NetName=VDD Pin=C8-2
Added Pin To Net: NetName=GND Pin=C9-1
Added Pin To Net: NetName=VDD Pin=C9-2
Added Pin To Net: NetName=GND Pin=C10-1
Added Pin To Net: NetName=VCC_BAT Pin=C10-2
Added Pin To Net: NetName=VDD Pin=C11-1
Added Pin To Net: NetName=GND Pin=C11-2
Added Pin To Net: NetName=VDD Pin=C12-1
Added Pin To Net: NetName=GND Pin=C12-2
Added Pin To Net: NetName=NetC13_1 Pin=C13-1
Added Pin To Net: NetName=NetC13_2 Pin=C13-2
Added Pin To Net: NetName=NetC13_1 Pin=C14-1
Added Pin To Net: NetName=GND Pin=C14-2
Added Pin To Net: NetName=NetC13_1 Pin=C15-1
Added Pin To Net: NetName=GND Pin=C15-2
Added Pin To Net: NetName=VDD Pin=C16-1
Added Pin To Net: NetName=GND Pin=C16-2
Added Pin To Net: NetName=CVDD Pin=C17-1
Added Pin To Net: NetName=GND Pin=C17-2
Added Pin To Net: NetName=NetC18_1 Pin=C18-1
Added Pin To Net: NetName=GND Pin=C18-2
Added Pin To Net: NetName=CVDD Pin=C19-1
Added Pin To Net: NetName=NetC19_2 Pin=C19-2
Added Pin To Net: NetName=VCC_BACKUP Pin=C20-1
Added Pin To Net: NetName=GND Pin=C20-2
Added Pin To Net: NetName=VCC_BAT Pin=C21-1
Added Pin To Net: NetName=GND Pin=C21-2
Added Pin To Net: NetName=VCC_3V3_BAT Pin=C22-1
Added Pin To Net: NetName=GND Pin=C22-2
Added Pin To Net: NetName=VCC_BAT Pin=C23-1
Added Pin To Net: NetName=GND Pin=C23-2
Added Pin To Net: NetName=VCC_3V3_BAT Pin=C24-1
Added Pin To Net: NetName=NetC24_2 Pin=C24-2
Added Pin To Net: NetName=GND Pin=C25-1
Added Pin To Net: NetName=CVDD Pin=C25-2
Added Pin To Net: NetName=GND Pin=C26-1
Added Pin To Net: NetName=CVDD Pin=C26-2
Added Pin To Net: NetName=GND Pin=C27-1
Added Pin To Net: NetName=CVDD Pin=C27-2
Added Pin To Net: NetName=GND Pin=C28-1
Added Pin To Net: NetName=CVDD Pin=C28-2
Added Pin To Net: NetName=GND Pin=C29-1
Added Pin To Net: NetName=CVDD Pin=C29-2
Added Pin To Net: NetName=GND Pin=C30-1
Added Pin To Net: NetName=NetC30_2 Pin=C30-2
Added Pin To Net: NetName=GND Pin=C31-1
Added Pin To Net: NetName=NetC31_2 Pin=C31-2
Added Pin To Net: NetName=AGND Pin=C32-1
Added Pin To Net: NetName=NetC32_2 Pin=C32-2
Added Pin To Net: NetName=GND Pin=C33-1
Added Pin To Net: NetName=IOVDD Pin=C33-2
Added Pin To Net: NetName=GND Pin=C34-1
Added Pin To Net: NetName=IOVDD Pin=C34-2
Added Pin To Net: NetName=GND Pin=C35-1
Added Pin To Net: NetName=IOVDD Pin=C35-2
Added Pin To Net: NetName=GND Pin=C36-1
Added Pin To Net: NetName=IOVDD Pin=C36-2
Added Pin To Net: NetName=AGND Pin=C37-1
Added Pin To Net: NetName=IOVDD Pin=C37-2
Added Pin To Net: NetName=AGND Pin=C38-1
Added Pin To Net: NetName=IOVDD Pin=C38-2
Added Pin To Net: NetName=AGND Pin=C39-1
Added Pin To Net: NetName=IOVDD Pin=C39-2
Added Pin To Net: NetName=AGND Pin=C40-1
Added Pin To Net: NetName=IOVDD Pin=C40-2
Added Pin To Net: NetName=NetC41_1 Pin=C41-1
Added Pin To Net: NetName=AGND Pin=C41-2
Added Pin To Net: NetName=MICP Pin=C42-1
Added Pin To Net: NetName=NetC42_2 Pin=C42-2
Added Pin To Net: NetName=NetC43_1 Pin=C43-1
Added Pin To Net: NetName=NetC42_2 Pin=C43-2
Added Pin To Net: NetName=NetC41_1 Pin=C44-1
Added Pin To Net: NetName=NetC44_2 Pin=C44-2
Added Pin To Net: NetName=MICN Pin=C45-1
Added Pin To Net: NetName=NetC43_1 Pin=C45-2
Added Pin To Net: NetName=NetC46_1 Pin=C46-1
Added Pin To Net: NetName=AGND Pin=C46-2
Added Pin To Net: NetName=NetC47_1 Pin=C47-1
Added Pin To Net: NetName=AGND Pin=C47-2
Added Pin To Net: NetName=NetC48_1 Pin=C48-1
Added Pin To Net: NetName=AGND Pin=C48-2
Added Pin To Net: NetName=X\R\S\T Pin=C49-1
Added Pin To Net: NetName=GND Pin=C49-2
Added Pin To Net: NetName=GNDA Pin=C50-1
Added Pin To Net: NetName=VCC_3V3A Pin=C50-2
Added Pin To Net: NetName=GNDA Pin=C51-1
Added Pin To Net: NetName=VCC_3V3A Pin=C51-2
Added Pin To Net: NetName=GND Pin=C52-1
Added Pin To Net: NetName=VCC_3V3 Pin=C52-2
Added Pin To Net: NetName=GND Pin=C53-1
Added Pin To Net: NetName=VCC_3V3 Pin=C53-2
Added Pin To Net: NetName=GND Pin=C54-1
Added Pin To Net: NetName=VCC_3V3 Pin=C54-2
Added Pin To Net: NetName=GND Pin=C55-1
Added Pin To Net: NetName=VCC_3V3 Pin=C55-2
Added Pin To Net: NetName=GND Pin=C56-1
Added Pin To Net: NetName=VCC_3V3 Pin=C56-2
Added Pin To Net: NetName=GND Pin=C57-1
Added Pin To Net: NetName=N\R\S\T\ Pin=C57-2
Added Pin To Net: NetName=GND Pin=C58-1
Added Pin To Net: NetName=XIN Pin=C58-2
Added Pin To Net: NetName=GND Pin=C59-1
Added Pin To Net: NetName=XOUT Pin=C59-2
Added Pin To Net: NetName=GND Pin=C60-1
Added Pin To Net: NetName=XIN32 Pin=C60-2
Added Pin To Net: NetName=GND Pin=C61-1
Added Pin To Net: NetName=XOUT32 Pin=C61-2
Added Pin To Net: NetName=NetD1_1 Pin=D1-1
Added Pin To Net: NetName=GND Pin=D1-2
Added Pin To Net: NetName=NetD2_1 Pin=D2-1
Added Pin To Net: NetName=GND Pin=D2-2
Added Pin To Net: NetName=NetD3_1 Pin=D3-1
Added Pin To Net: NetName=GND Pin=D3-2
Added Pin To Net: NetName=NetD4_1 Pin=D4-1
Added Pin To Net: NetName=GND Pin=D4-2
Added Pin To Net: NetName=GND Pin=D5-2
Added Pin To Net: NetName=GND Pin=D6-2
Added Pin To Net: NetName=NetC4_2 Pin=L1-1
Added Pin To Net: NetName=5V0 Pin=L1-2
Added Pin To Net: NetName=NetC4_1 Pin=L2-1
Added Pin To Net: NetName=GND Pin=L2-2
Added Pin To Net: NetName=NetL3_1 Pin=L3-1
Added Pin To Net: NetName=NetC13_1 Pin=L3-2
Added Pin To Net: NetName=VCC_3V3A Pin=L4-1
Added Pin To Net: NetName=VCC_3V3 Pin=L4-2
Added Pin To Net: NetName=GND Pin=L5-1
Added Pin To Net: NetName=GNDA Pin=L5-2
Added Pin To Net: NetName=NetC42_2 Pin=MK1-1
Added Pin To Net: NetName=NetC43_1 Pin=MK1-2
Added Pin To Net: NetName=VS_TX Pin=P1-1
Added Pin To Net: NetName=VS_RX Pin=P1-2
Added Pin To Net: NetName=GND Pin=P1-3
Added Pin To Net: NetName=I2C1_SDA Pin=P2-3
Added Pin To Net: NetName=I2C1_SCL Pin=P2-5
Added Pin To Net: NetName=GND Pin=P2-6
Added Pin To Net: NetName=PA26 Pin=P2-7
Added Pin To Net: NetName=USART1_TX Pin=P2-8
Added Pin To Net: NetName=GND Pin=P2-9
Added Pin To Net: NetName=USART1_RX Pin=P2-10
Added Pin To Net: NetName=PA27 Pin=P2-11
Added Pin To Net: NetName=PA28 Pin=P2-13
Added Pin To Net: NetName=GND Pin=P2-14
Added Pin To Net: NetName=PA29 Pin=P2-15
Added Pin To Net: NetName=SPI2_MOSI Pin=P2-19
Added Pin To Net: NetName=GND Pin=P2-20
Added Pin To Net: NetName=SPI2_MISO Pin=P2-21
Added Pin To Net: NetName=SPI2_SCK Pin=P2-23
Added Pin To Net: NetName=SPI2_NCS0 Pin=P2-24
Added Pin To Net: NetName=GND Pin=P2-25
Added Pin To Net: NetName=SPI2_NCS1 Pin=P2-26
Added Pin To Net: NetName=NetP3_1 Pin=P3-1
Added Pin To Net: NetName=SWDIO Pin=P3-2
Added Pin To Net: NetName=SWCLK Pin=P3-3
Added Pin To Net: NetName=GND Pin=P3-4
Added Pin To Net: NetName=VCC_BAT Pin=P4-1
Added Pin To Net: NetName=GND Pin=P4-2
Added Pin To Net: NetName=NetC4_2 Pin=P5-1
Added Pin To Net: NetName=USB_N Pin=P5-2
Added Pin To Net: NetName=USB_P Pin=P5-3
Added Pin To Net: NetName=NetC4_1 Pin=P5-5
Added Pin To Net: NetName=NetC7_2 Pin=P5-6
Added Pin To Net: NetName=NetC7_2 Pin=P5-7
Added Pin To Net: NetName=NetC7_2 Pin=P5-8
Added Pin To Net: NetName=NetC7_2 Pin=P5-9
Added Pin To Net: NetName=VCC_3V3 Pin=Q1-2
Added Pin To Net: NetName=PWRSTAT Pin=Q2-1
Added Pin To Net: NetName=VDD Pin=Q2-2
Added Pin To Net: NetName=5V0 Pin=Q2-3
Added Pin To Net: NetName=VDD Pin=Q3-1
Added Pin To Net: NetName=VDD Pin=Q3-2
Added Pin To Net: NetName=VCC_BAT Pin=Q3-3
Added Pin To Net: NetName=VCC_3V3 Pin=R1-1
Added Pin To Net: NetName=SD_CD Pin=R1-2
Added Pin To Net: NetName=USART2_RX Pin=R2-1
Added Pin To Net: NetName=VS_TX Pin=R2-2
Added Pin To Net: NetName=VS_RX Pin=R3-1
Added Pin To Net: NetName=USART2_TX Pin=R3-2
Added Pin To Net: NetName=VCC_3V3 Pin=R4-1
Added Pin To Net: NetName=VCC_3V3 Pin=R5-1
Added Pin To Net: NetName=NetP3_1 Pin=R5-2
Added Pin To Net: NetName=5V0 Pin=R6-1
Added Pin To Net: NetName=NetR6_2 Pin=R6-2
Added Pin To Net: NetName=5V0 Pin=R7-1
Added Pin To Net: NetName=VCC_BAT Pin=R8-2
Added Pin To Net: NetName=PWRSTAT Pin=R9-1
Added Pin To Net: NetName=VDD Pin=R9-2
Added Pin To Net: NetName=GND Pin=R10-1
Added Pin To Net: NetName=GND Pin=R11-1
Added Pin To Net: NetName=VCC_3V3 Pin=R12-1
Added Pin To Net: NetName=NetC13_1 Pin=R12-2
Added Pin To Net: NetName=LBI Pin=R13-1
Added Pin To Net: NetName=VCC_BAT Pin=R13-2
Added Pin To Net: NetName=LBI Pin=R14-1
Added Pin To Net: NetName=GND Pin=R14-2
Added Pin To Net: NetName=REG_LBO Pin=R15-1
Added Pin To Net: NetName=NetC13_1 Pin=R15-2
Added Pin To Net: NetName=NetC13_1 Pin=R16-1
Added Pin To Net: NetName=REG_PG Pin=R16-2
Added Pin To Net: NetName=NetC13_2 Pin=R17-1
Added Pin To Net: NetName=NetC13_1 Pin=R17-2
Added Pin To Net: NetName=SYNC Pin=R18-1
Added Pin To Net: NetName=VDD Pin=R18-2
Added Pin To Net: NetName=SYNC Pin=R19-1
Added Pin To Net: NetName=GND Pin=R19-2
Added Pin To Net: NetName=GND Pin=R20-1
Added Pin To Net: NetName=NetC13_2 Pin=R20-2
Added Pin To Net: NetName=SYNC Pin=R21-1
Added Pin To Net: NetName=REG_SYNC Pin=R21-2
Added Pin To Net: NetName=PWE_EN Pin=R22-1
Added Pin To Net: NetName=VDD Pin=R22-2
Added Pin To Net: NetName=PWE_EN Pin=R23-1
Added Pin To Net: NetName=GND Pin=R23-2
Added Pin To Net: NetName=REG_LBO Pin=R24-1
Added Pin To Net: NetName=LBI Pin=R24-2
Added Pin To Net: NetName=NetC18_1 Pin=R25-1
Added Pin To Net: NetName=VCC_BAT Pin=R25-2
Added Pin To Net: NetName=NetC18_1 Pin=R26-1
Added Pin To Net: NetName=VCC_3V3 Pin=R26-2
Added Pin To Net: NetName=NetR27_1 Pin=R27-1
Added Pin To Net: NetName=NetC18_1 Pin=R27-2
Added Pin To Net: NetName=NetC19_2 Pin=R28-1
Added Pin To Net: NetName=CVDD Pin=R28-2
Added Pin To Net: NetName=NetR29_1 Pin=R29-1
Added Pin To Net: NetName=VCC_BAT Pin=R29-2
Added Pin To Net: NetName=GND Pin=R30-1
Added Pin To Net: NetName=NetC19_2 Pin=R30-2
Added Pin To Net: NetName=NetR31_1 Pin=R31-1
Added Pin To Net: NetName=VCC_BACKUP Pin=R31-2
Added Pin To Net: NetName=GND Pin=R32-1
Added Pin To Net: NetName=NetR31_1 Pin=R32-2
Added Pin To Net: NetName=VCC_BAT Pin=R33-2
Added Pin To Net: NetName=NetC24_2 Pin=R34-1
Added Pin To Net: NetName=VCC_3V3_BAT Pin=R34-2
Added Pin To Net: NetName=GND Pin=R35-1
Added Pin To Net: NetName=NetC24_2 Pin=R35-2
Added Pin To Net: NetName=GND Pin=R36-1
Added Pin To Net: NetName=GPIO0 Pin=R36-2
Added Pin To Net: NetName=VS_RX Pin=R37-1
Added Pin To Net: NetName=IOVDD Pin=R37-2
Added Pin To Net: NetName=NetC31_2 Pin=R38-1
Added Pin To Net: NetName=NetC30_2 Pin=R38-2
Added Pin To Net: NetName=IOVDD Pin=R39-1
Added Pin To Net: NetName=NetC41_1 Pin=R39-2
Added Pin To Net: NetName=VCC_3V3_BAT Pin=R40-1
Added Pin To Net: NetName=IOVDD Pin=R40-2
Added Pin To Net: NetName=NetC41_1 Pin=R41-1
Added Pin To Net: NetName=NetC42_2 Pin=R41-2
Added Pin To Net: NetName=GND Pin=R42-1
Added Pin To Net: NetName=AGND Pin=R42-2
Added Pin To Net: NetName=VCC_3V3 Pin=R43-1
Added Pin To Net: NetName=IOVDD Pin=R43-2
Added Pin To Net: NetName=NetD1_1 Pin=R44-1
Added Pin To Net: NetName=GPIO0 Pin=R44-2
Added Pin To Net: NetName=NetD2_1 Pin=R45-1
Added Pin To Net: NetName=GPIO1 Pin=R45-2
Added Pin To Net: NetName=NetD3_1 Pin=R46-1
Added Pin To Net: NetName=GPIO2 Pin=R46-2
Added Pin To Net: NetName=NetD4_1 Pin=R47-1
Added Pin To Net: NetName=GPIO3 Pin=R47-2
Added Pin To Net: NetName=NetC43_1 Pin=R48-1
Added Pin To Net: NetName=NetC44_2 Pin=R48-2
Added Pin To Net: NetName=NetC44_2 Pin=R49-1
Added Pin To Net: NetName=AGND Pin=R49-2
Added Pin To Net: NetName=GBUF Pin=R50-1
Added Pin To Net: NetName=NetC46_1 Pin=R50-2
Added Pin To Net: NetName=LEFT Pin=R51-1
Added Pin To Net: NetName=NetC47_1 Pin=R51-2
Added Pin To Net: NetName=RIGHT Pin=R52-1
Added Pin To Net: NetName=NetC48_1 Pin=R52-2
Added Pin To Net: NetName=IOVDD Pin=R53-1
Added Pin To Net: NetName=X\R\S\T Pin=R53-2
Added Pin To Net: NetName=VCC_3V3 Pin=R54-2
Added Pin To Net: NetName=VCC_BACKUP Pin=R55-2
Added Pin To Net: NetName=XOUT Pin=R56-1
Added Pin To Net: NetName=XOUT32 Pin=R57-2
Added Pin To Net: NetName=BOOT0 Pin=R58-1
Added Pin To Net: NetName=VCC_3V3 Pin=R58-2
Added Pin To Net: NetName=BOOT0 Pin=R59-1
Added Pin To Net: NetName=GND Pin=R59-2
Added Pin To Net: NetName=BOOT1 Pin=R60-1
Added Pin To Net: NetName=VCC_3V3 Pin=R60-2
Added Pin To Net: NetName=BOOT1 Pin=R63-1
Added Pin To Net: NetName=GND Pin=R63-2
Added Pin To Net: NetName=GND Pin=S1-1
Added Pin To Net: NetName=N\R\S\T\ Pin=S1-2
Added Pin To Net: NetName=GND Pin=S2-1
Added Pin To Net: NetName=GND Pin=S3-1
Added Pin To Net: NetName=GND Pin=S4-1
Added Pin To Net: NetName=GND Pin=S5-1
Added Pin To Net: NetName=SDIO_D2 Pin=SD1-1
Added Pin To Net: NetName=SDIO_D2 Pin=SD1-1
Added Pin To Net: NetName=SDIO_D2 Pin=SD1-1
Added Pin To Net: NetName=SDIO_D3 Pin=SD1-2
Added Pin To Net: NetName=SDIO_CMD Pin=SD1-3
Added Pin To Net: NetName=VCC_3V3 Pin=SD1-4
Added Pin To Net: NetName=SDIO_CK Pin=SD1-5
Added Pin To Net: NetName=GND Pin=SD1-6
Added Pin To Net: NetName=SDIO_D0 Pin=SD1-7
Added Pin To Net: NetName=SDIO_D1 Pin=SD1-8
Added Pin To Net: NetName=SD_CD Pin=SD1-9
Added Pin To Net: NetName=GND Pin=SD1-10
Added Pin To Net: NetName=NetR6_2 Pin=U1-1
Added Pin To Net: NetName=GND Pin=U1-2
Added Pin To Net: NetName=C\H\G\ Pin=U1-3
Added Pin To Net: NetName=VCC_BAT Pin=U1-5
Added Pin To Net: NetName=VCC_BAT Pin=U2-1
Added Pin To Net: NetName=GND Pin=U2-2
Added Pin To Net: NetName=PWRSTAT Pin=U2-4
Added Pin To Net: NetName=VDD Pin=U2-5
Added Pin To Net: NetName=VDD Pin=U2-6
Added Pin To Net: NetName=GND Pin=U3-1
Added Pin To Net: NetName=VDD Pin=U3-2
Added Pin To Net: NetName=VDD Pin=U3-3
Added Pin To Net: NetName=PWE_EN Pin=U3-4
Added Pin To Net: NetName=SYNC Pin=U3-5
Added Pin To Net: NetName=REG_LBO Pin=U3-6
Added Pin To Net: NetName=LBI Pin=U3-7
Added Pin To Net: NetName=VDD Pin=U3-8
Added Pin To Net: NetName=GND Pin=U3-9
Added Pin To Net: NetName=NetC13_2 Pin=U3-10
Added Pin To Net: NetName=GND Pin=U3-11
Added Pin To Net: NetName=GND Pin=U3-12
Added Pin To Net: NetName=REG_PG Pin=U3-13
Added Pin To Net: NetName=NetL3_1 Pin=U3-14
Added Pin To Net: NetName=NetL3_1 Pin=U3-15
Added Pin To Net: NetName=GND Pin=U3-16
Added Pin To Net: NetName=GND Pin=U3-17
Added Pin To Net: NetName=NetC18_1 Pin=U4-1
Added Pin To Net: NetName=GND Pin=U4-2
Added Pin To Net: NetName=NetR27_1 Pin=U4-3
Added Pin To Net: NetName=NetC19_2 Pin=U4-4
Added Pin To Net: NetName=CVDD Pin=U4-5
Added Pin To Net: NetName=VCC_BAT Pin=U5-1
Added Pin To Net: NetName=GND Pin=U5-2
Added Pin To Net: NetName=NetR29_1 Pin=U5-3
Added Pin To Net: NetName=NetR31_1 Pin=U5-4
Added Pin To Net: NetName=VCC_BACKUP Pin=U5-5
Added Pin To Net: NetName=VCC_BAT Pin=U6-1
Added Pin To Net: NetName=GND Pin=U6-2
Added Pin To Net: NetName=NetC24_2 Pin=U6-4
Added Pin To Net: NetName=VCC_3V3_BAT Pin=U6-5
Added Pin To Net: NetName=MICP Pin=U7-1
Added Pin To Net: NetName=MICN Pin=U7-2
Added Pin To Net: NetName=X\R\S\T Pin=U7-3
Added Pin To Net: NetName=GND Pin=U7-4
Added Pin To Net: NetName=CVDD Pin=U7-5
Added Pin To Net: NetName=IOVDD Pin=U7-6
Added Pin To Net: NetName=CVDD Pin=U7-7
Added Pin To Net: NetName=DREQ Pin=U7-8
Added Pin To Net: NetName=GPIO2 Pin=U7-9
Added Pin To Net: NetName=GPIO3 Pin=U7-10
Added Pin To Net: NetName=GPIO0 Pin=U7-11
Added Pin To Net: NetName=GPIO0 Pin=U7-12
Added Pin To Net: NetName=X\D\C\S\ Pin=U7-13
Added Pin To Net: NetName=IOVDD Pin=U7-14
Added Pin To Net: NetName=GND Pin=U7-16
Added Pin To Net: NetName=NetC31_2 Pin=U7-17
Added Pin To Net: NetName=NetC30_2 Pin=U7-18
Added Pin To Net: NetName=IOVDD Pin=U7-19
Added Pin To Net: NetName=GND Pin=U7-20
Added Pin To Net: NetName=GND Pin=U7-21
Added Pin To Net: NetName=GND Pin=U7-22
Added Pin To Net: NetName=X\C\S\ Pin=U7-23
Added Pin To Net: NetName=CVDD Pin=U7-24
Added Pin To Net: NetName=GPIO0 Pin=U7-25
Added Pin To Net: NetName=VS_RX Pin=U7-26
Added Pin To Net: NetName=VS_TX Pin=U7-27
Added Pin To Net: NetName=SPI1_SCK Pin=U7-28
Added Pin To Net: NetName=SPI1_MOSI Pin=U7-29
Added Pin To Net: NetName=SPI1_MISO Pin=U7-30
Added Pin To Net: NetName=CVDD Pin=U7-31
Added Pin To Net: NetName=IOVDD Pin=U7-32
Added Pin To Net: NetName=GPIO0 Pin=U7-33
Added Pin To Net: NetName=GPIO1 Pin=U7-34
Added Pin To Net: NetName=GND Pin=U7-35
Added Pin To Net: NetName=GPIO0 Pin=U7-36
Added Pin To Net: NetName=AGND Pin=U7-37
Added Pin To Net: NetName=IOVDD Pin=U7-38
Added Pin To Net: NetName=RIGHT Pin=U7-39
Added Pin To Net: NetName=AGND Pin=U7-40
Added Pin To Net: NetName=AGND Pin=U7-41
Added Pin To Net: NetName=GBUF Pin=U7-42
Added Pin To Net: NetName=IOVDD Pin=U7-43
Added Pin To Net: NetName=NetC32_2 Pin=U7-44
Added Pin To Net: NetName=IOVDD Pin=U7-45
Added Pin To Net: NetName=LEFT Pin=U7-46
Added Pin To Net: NetName=AGND Pin=U7-47
Added Pin To Net: NetName=XIN32 Pin=U8-3
Added Pin To Net: NetName=XIN Pin=U8-5
Added Pin To Net: NetName=N\R\S\T\ Pin=U8-7
Added Pin To Net: NetName=REG_PG Pin=U8-8
Added Pin To Net: NetName=REG_LBO Pin=U8-9
Added Pin To Net: NetName=REG_SYNC Pin=U8-10
Added Pin To Net: NetName=C\H\G\ Pin=U8-11
Added Pin To Net: NetName=GNDA Pin=U8-12
Added Pin To Net: NetName=VCC_3V3A Pin=U8-13
Added Pin To Net: NetName=USART2_TX Pin=U8-16
Added Pin To Net: NetName=USART2_RX Pin=U8-17
Added Pin To Net: NetName=GND Pin=U8-18
Added Pin To Net: NetName=VCC_3V3 Pin=U8-19
Added Pin To Net: NetName=SPI1_SCK Pin=U8-21
Added Pin To Net: NetName=SPI1_MISO Pin=U8-22
Added Pin To Net: NetName=SPI1_MOSI Pin=U8-23
Added Pin To Net: NetName=X\C\S\ Pin=U8-24
Added Pin To Net: NetName=X\D\C\S\ Pin=U8-25
Added Pin To Net: NetName=DREQ Pin=U8-26
Added Pin To Net: NetName=X\R\S\T Pin=U8-27
Added Pin To Net: NetName=BOOT1 Pin=U8-28
Added Pin To Net: NetName=GND Pin=U8-31
Added Pin To Net: NetName=VCC_3V3 Pin=U8-32
Added Pin To Net: NetName=SPI2_SCK Pin=U8-34
Added Pin To Net: NetName=SPI2_MISO Pin=U8-35
Added Pin To Net: NetName=SPI2_MOSI Pin=U8-36
Added Pin To Net: NetName=SPI2_NCS0 Pin=U8-37
Added Pin To Net: NetName=SPI2_NCS1 Pin=U8-38
Added Pin To Net: NetName=SDIO_D0 Pin=U8-39
Added Pin To Net: NetName=SDIO_D1 Pin=U8-40
Added Pin To Net: NetName=SD_CD Pin=U8-41
Added Pin To Net: NetName=USART1_TX Pin=U8-42
Added Pin To Net: NetName=USART1_RX Pin=U8-43
Added Pin To Net: NetName=SWDIO Pin=U8-46
Added Pin To Net: NetName=GND Pin=U8-47
Added Pin To Net: NetName=VCC_3V3 Pin=U8-48
Added Pin To Net: NetName=SWCLK Pin=U8-49
Added Pin To Net: NetName=SDIO_D2 Pin=U8-51
Added Pin To Net: NetName=SDIO_D3 Pin=U8-52
Added Pin To Net: NetName=SDIO_CK Pin=U8-53
Added Pin To Net: NetName=SDIO_CMD Pin=U8-54
Added Pin To Net: NetName=I2C1_SCL Pin=U8-58
Added Pin To Net: NetName=I2C1_SDA Pin=U8-59
Added Pin To Net: NetName=BOOT0 Pin=U8-60
Added Pin To Net: NetName=GND Pin=U8-63
Added Pin To Net: NetName=VCC_3V3 Pin=U8-64
Added Pin To Net: NetName=NetC31_2 Pin=Y1-1
Added Pin To Net: NetName=NetC30_2 Pin=Y1-2
Added Pin To Net: NetName=XOUT Pin=Y2-1
Added Pin To Net: NetName=XIN Pin=Y2-2
Added Pin To Net: NetName=XIN32 Pin=Y3-1
Added Pin To Net: NetName=XOUT32 Pin=Y3-2
Added Pin To Net: NetName=ADC_BAT Pin=R8-1
Added Pin To Net: NetName=ADC_BAT Pin=R10-2
Added Pin To Net: NetName=ADC_BAT Pin=U8-15
Added Net: Name=ADC_BAT
Added Pin To Net: NetName=DAC_OUT1 Pin=U8-20
Added Net: Name=DAC_OUT1
Added Pin To Net: NetName=KEY1 Pin=S2-2
Added Pin To Net: NetName=KEY1 Pin=U8-29
Added Net: Name=KEY1
Added Pin To Net: NetName=KEY2 Pin=S3-2
Added Pin To Net: NetName=KEY2 Pin=U8-30
Added Net: Name=KEY2
Added Pin To Net: NetName=KEY3 Pin=S4-2
Added Pin To Net: NetName=KEY3 Pin=U8-33
Added Net: Name=KEY3
Added Pin To Net: NetName=KEY4 Pin=S5-2
Added Net: Name=KEY4
Added Pin To Net: NetName=LED1 Pin=R61-2
Added Net: Name=LED1
Added Pin To Net: NetName=LED2 Pin=R62-2
Added Net: Name=LED2
Added Pin To Net: NetName=NetD5_1 Pin=D5-1
Added Pin To Net: NetName=NetD5_1 Pin=R61-1
Added Net: Name=NetD5_1
Added Pin To Net: NetName=NetD6_1 Pin=D6-1
Added Pin To Net: NetName=NetD6_1 Pin=R62-1
Added Net: Name=NetD6_1
Added Pin To Net: NetName=NetJ1_1 Pin=J1-1
Added Pin To Net: NetName=NetJ1_1 Pin=J1-1A
Added Pin To Net: NetName=NetJ1_1 Pin=J1-1B
Added Net: Name=NetJ1_1
Added Pin To Net: NetName=NetJ1_2 Pin=J1-2
Added Pin To Net: NetName=NetJ1_2 Pin=J1-2A
Added Pin To Net: NetName=NetJ1_2 Pin=J1-2B
Added Net: Name=NetJ1_2
Added Pin To Net: NetName=NetJ1_3 Pin=J1-3
Added Pin To Net: NetName=NetJ1_3 Pin=J1-3A
Added Pin To Net: NetName=NetJ1_3 Pin=J1-3B
Added Net: Name=NetJ1_3
Added Pin To Net: NetName=NetJ1_4 Pin=J1-4
Added Pin To Net: NetName=NetJ1_4 Pin=J1-4A
Added Pin To Net: NetName=NetJ1_4 Pin=J1-4B
Added Net: Name=NetJ1_4
Added Pin To Net: NetName=NetJ1_5 Pin=J1-5
Added Pin To Net: NetName=NetJ1_5 Pin=J1-5A
Added Pin To Net: NetName=NetJ1_5 Pin=J1-5B
Added Net: Name=NetJ1_5
Added Pin To Net: NetName=NetR7_2 Pin=R7-2
Added Pin To Net: NetName=NetR7_2 Pin=U1-4
Added Net: Name=NetR7_2
Added Pin To Net: NetName=NetR11_2 Pin=R11-2
Added Pin To Net: NetName=NetR11_2 Pin=U2-3
Added Net: Name=NetR11_2
Added Pin To Net: NetName=NetR33_1 Pin=R33-1
Added Pin To Net: NetName=NetR33_1 Pin=U6-3
Added Net: Name=NetR33_1
Added Pin To Net: NetName=NetR54_1 Pin=R54-1
Added Pin To Net: NetName=NetR54_1 Pin=R55-1
Added Pin To Net: NetName=NetR54_1 Pin=U8-1
Added Net: Name=NetR54_1
Added Pin To Net: NetName=NetR56_2 Pin=R56-2
Added Pin To Net: NetName=NetR56_2 Pin=U8-6
Added Net: Name=NetR56_2
Added Pin To Net: NetName=NetR57_1 Pin=R57-1
Added Pin To Net: NetName=NetR57_1 Pin=U8-4
Added Net: Name=NetR57_1
Added Pin To Net: NetName=PWR_EXT Pin=Q1-1
Added Pin To Net: NetName=PWR_EXT Pin=R4-2
Added Net: Name=PWR_EXT
Added Pin To Net: NetName=USB_DM Pin=U8-44
Added Net: Name=USB_DM
Added Pin To Net: NetName=USB_DP Pin=U8-45
Added Net: Name=USB_DP
Added Pin To Net: NetName=VCC_3V3_EXT Pin=P2-1
Added Pin To Net: NetName=VCC_3V3_EXT Pin=P2-17
Added Pin To Net: NetName=VCC_3V3_EXT Pin=Q1-3
Added Net: Name=VCC_3V3_EXT
Added Member To Class: ClassName=Interfaces Member=Component C1 Cap
Added Member To Class: ClassName=Interfaces Member=Component C2 Cap
Added Member To Class: ClassName=Power Member=Component C3 Cap
Added Member To Class: ClassName=Power Member=Component C4 Cap
Added Member To Class: ClassName=Power Member=Component C5 Cap
Added Member To Class: ClassName=Power Member=Component C6 Cap
Added Member To Class: ClassName=Power Member=Component C7 Cap
Added Member To Class: ClassName=Power Member=Component C8 Cap
Added Member To Class: ClassName=Power Member=Component C9 Cap
Added Member To Class: ClassName=Power Member=Component C10 Cap
Added Member To Class: ClassName=Regulator Member=Component C11 Cap Semi
Added Member To Class: ClassName=Regulator Member=Component C12 Cap Semi
Added Member To Class: ClassName=Regulator Member=Component C13 Cap Semi
Added Member To Class: ClassName=Regulator Member=Component C14 Cap Semi
Added Member To Class: ClassName=Regulator Member=Component C15 Cap Semi
Added Member To Class: ClassName=Regulator Member=Component C16 Cap Semi
Added Member To Class: ClassName=Regulator Member=Component C17 Cap Semi
Added Member To Class: ClassName=Regulator Member=Component C18 Cap Semi
Added Member To Class: ClassName=Regulator Member=Component C19 Cap Semi
Added Member To Class: ClassName=Regulator Member=Component C20 Cap Semi
Added Member To Class: ClassName=Regulator Member=Component C21 Cap Semi
Added Member To Class: ClassName=Regulator Member=Component C22 Cap Semi
Added Member To Class: ClassName=Regulator Member=Component C23 Cap Semi
Added Member To Class: ClassName=Regulator Member=Component C24 Cap Semi
Added Member To Class: ClassName=VS1063 Member=Component C25 Cap Semi
Added Member To Class: ClassName=VS1063 Member=Component C26 Cap Semi
Added Member To Class: ClassName=VS1063 Member=Component C27 Cap Semi
Added Member To Class: ClassName=VS1063 Member=Component C28 Cap Semi
Added Member To Class: ClassName=VS1063 Member=Component C29 Cap Semi
Added Member To Class: ClassName=VS1063 Member=Component C30 Cap
Added Member To Class: ClassName=VS1063 Member=Component C31 Cap
Added Member To Class: ClassName=VS1063 Member=Component C32 Cap Semi
Added Member To Class: ClassName=VS1063 Member=Component C33 Cap Semi
Added Member To Class: ClassName=VS1063 Member=Component C34 Cap Semi
Added Member To Class: ClassName=VS1063 Member=Component C35 Cap Semi
Added Member To Class: ClassName=VS1063 Member=Component C36 Cap Semi
Added Member To Class: ClassName=VS1063 Member=Component C37 Cap Semi
Added Member To Class: ClassName=VS1063 Member=Component C38 Cap Semi
Added Member To Class: ClassName=VS1063 Member=Component C39 Cap Semi
Added Member To Class: ClassName=VS1063 Member=Component C40 Cap Semi
Added Member To Class: ClassName=VS1063 Member=Component C41 Cap Pol1
Added Member To Class: ClassName=VS1063 Member=Component C42 Cap Semi
Added Member To Class: ClassName=VS1063 Member=Component C43 Cap Semi
Added Member To Class: ClassName=VS1063 Member=Component C44 Cap Pol1
Added Member To Class: ClassName=VS1063 Member=Component C45 Cap Semi
Added Member To Class: ClassName=VS1063 Member=Component C46 Cap Semi
Added Member To Class: ClassName=VS1063 Member=Component C47 Cap Semi
Added Member To Class: ClassName=VS1063 Member=Component C48 Cap Semi
Added Member To Class: ClassName=VS1063 Member=Component C49 Cap Semi
Added Member To Class: ClassName=µC Member=Component C50 Cap Semi
Added Member To Class: ClassName=µC Member=Component C51 Cap Semi
Added Member To Class: ClassName=µC Member=Component C52 Cap Semi
Added Member To Class: ClassName=µC Member=Component C53 Cap Semi
Added Member To Class: ClassName=µC Member=Component C54 Cap Semi
Added Member To Class: ClassName=µC Member=Component C55 Cap Semi
Added Member To Class: ClassName=µC Member=Component C56 Cap Semi
Added Member To Class: ClassName=µC Member=Component C57 Cap Semi
Added Member To Class: ClassName=µC Member=Component C58 Cap
Added Member To Class: ClassName=µC Member=Component C59 Cap
Added Member To Class: ClassName=µC Member=Component C60 Cap
Added Member To Class: ClassName=µC Member=Component C61 Cap
Added Member To Class: ClassName=VS1063 Member=Component D1 LED0
Added Member To Class: ClassName=VS1063 Member=Component D2 LED0
Added Member To Class: ClassName=VS1063 Member=Component D3 LED0
Added Member To Class: ClassName=VS1063 Member=Component D4 LED0
Added Member To Class: ClassName=µC Member=Component D5 LED0
Added Member To Class: ClassName=µC Member=Component D6 LED0
Added Member To Class: ClassName=Interfaces Member=Component J1 Phonejack Stereo SW
Added Member To Class: ClassName=Power Member=Component L1 Ferrite Bead
Added Member To Class: ClassName=Power Member=Component L2 Ferrite Bead
Added Member To Class: ClassName=Regulator Member=Component L3 TMPC0603H-100MG-D
Added Member To Class: ClassName=µC Member=Component L4 Ferrite Bead
Added Member To Class: ClassName=µC Member=Component L5 Ferrite Bead
Added Member To Class: ClassName=VS1063 Member=Component MK1 Mic2
Added Member To Class: ClassName=Interfaces Member=Component P1 VS_UART
Added Member To Class: ClassName=Interfaces Member=Component P2 Rpi
Added Member To Class: ClassName=Interfaces Member=Component P3 SWI
Added Member To Class: ClassName=Power Member=Component P4 Header 2
Added Member To Class: ClassName=Power Member=Component P5 USB Serial
Added Member To Class: ClassName=Interfaces Member=Component Q1 IRLML6401
Added Member To Class: ClassName=Power Member=Component Q2 IRLML6401
Added Member To Class: ClassName=Power Member=Component Q3 IRLML6401
Added Member To Class: ClassName=Interfaces Member=Component R1 Res Semi
Added Member To Class: ClassName=Interfaces Member=Component R2 Res1
Added Member To Class: ClassName=Interfaces Member=Component R3 Res1
Added Member To Class: ClassName=Interfaces Member=Component R4 Res1
Added Member To Class: ClassName=Interfaces Member=Component R5 Res1
Added Member To Class: ClassName=Power Member=Component R6 Res Semi
Added Member To Class: ClassName=Power Member=Component R7 Res Semi
Added Member To Class: ClassName=Power Member=Component R8 Res Semi
Added Member To Class: ClassName=Power Member=Component R9 Res Semi
Added Member To Class: ClassName=Power Member=Component R10 Res Semi
Added Member To Class: ClassName=Power Member=Component R11 Res Semi
Added Member To Class: ClassName=Regulator Member=Component R12 Res1
Added Member To Class: ClassName=Regulator Member=Component R13 Res1
Added Member To Class: ClassName=Regulator Member=Component R14 Res1
Added Member To Class: ClassName=Regulator Member=Component R15 Res1
Added Member To Class: ClassName=Regulator Member=Component R16 Res1
Added Member To Class: ClassName=Regulator Member=Component R17 Res1
Added Member To Class: ClassName=Regulator Member=Component R18 Res1
Added Member To Class: ClassName=Regulator Member=Component R19 Res1
Added Member To Class: ClassName=Regulator Member=Component R20 Res1
Added Member To Class: ClassName=Regulator Member=Component R21 Res1
Added Member To Class: ClassName=Regulator Member=Component R22 Res1
Added Member To Class: ClassName=Regulator Member=Component R23 Res1
Added Member To Class: ClassName=Regulator Member=Component R24 Res1
Added Member To Class: ClassName=Regulator Member=Component R25 Res1
Added Member To Class: ClassName=Regulator Member=Component R26 Res1
Added Member To Class: ClassName=Regulator Member=Component R27 Res1
Added Member To Class: ClassName=Regulator Member=Component R28 Res1
Added Member To Class: ClassName=Regulator Member=Component R29 Res1
Added Member To Class: ClassName=Regulator Member=Component R30 Res1
Added Member To Class: ClassName=Regulator Member=Component R31 Res1
Added Member To Class: ClassName=Regulator Member=Component R32 Res1
Added Member To Class: ClassName=Regulator Member=Component R33 Res1
Added Member To Class: ClassName=Regulator Member=Component R34 Res1
Added Member To Class: ClassName=Regulator Member=Component R35 Res1
Added Member To Class: ClassName=VS1063 Member=Component R36 Res1
Added Member To Class: ClassName=VS1063 Member=Component R37 Res1
Added Member To Class: ClassName=VS1063 Member=Component R38 Res1
Added Member To Class: ClassName=VS1063 Member=Component R39 Res1
Added Member To Class: ClassName=VS1063 Member=Component R40 Res1
Added Member To Class: ClassName=VS1063 Member=Component R41 Res1
Added Member To Class: ClassName=VS1063 Member=Component R42 Res1
Added Member To Class: ClassName=VS1063 Member=Component R43 Res1
Added Member To Class: ClassName=VS1063 Member=Component R44 Res Semi
Added Member To Class: ClassName=VS1063 Member=Component R45 Res Semi
Added Member To Class: ClassName=VS1063 Member=Component R46 Res Semi
Added Member To Class: ClassName=VS1063 Member=Component R47 Res Semi
Added Member To Class: ClassName=VS1063 Member=Component R48 Res1
Added Member To Class: ClassName=VS1063 Member=Component R49 Res1
Added Member To Class: ClassName=VS1063 Member=Component R50 Res1
Added Member To Class: ClassName=VS1063 Member=Component R51 Res1
Added Member To Class: ClassName=VS1063 Member=Component R52 Res1
Added Member To Class: ClassName=VS1063 Member=Component R53 Res1
Added Member To Class: ClassName=µC Member=Component R54 Res1
Added Member To Class: ClassName=µC Member=Component R55 Res1
Added Member To Class: ClassName=µC Member=Component R56 Res1
Added Member To Class: ClassName=µC Member=Component R57 Res1
Added Member To Class: ClassName=µC Member=Component R58 Res1
Added Member To Class: ClassName=µC Member=Component R59 Res1
Added Member To Class: ClassName=µC Member=Component R60 Res1
Added Member To Class: ClassName=µC Member=Component R61 Res Semi
Added Member To Class: ClassName=µC Member=Component R62 Res Semi
Added Member To Class: ClassName=µC Member=Component R63 Res1
Added Member To Class: ClassName=µC Member=Component S1 SW-PB
Added Member To Class: ClassName=µC Member=Component S2 SW-PB
Added Member To Class: ClassName=µC Member=Component S3 SW-PB
Added Member To Class: ClassName=µC Member=Component S4 SW-PB
Added Member To Class: ClassName=µC Member=Component S5 SW-PB
Added Member To Class: ClassName=Interfaces Member=Component SD1 SD card holder
Added Member To Class: ClassName=Power Member=Component U1 MAX1555
Added Member To Class: ClassName=Power Member=Component U2 LTC4412
Added Member To Class: ClassName=Regulator Member=Component U3 Buck converter
Added Member To Class: ClassName=Regulator Member=Component U4 TPS73601
Added Member To Class: ClassName=Regulator Member=Component U5 TPS76301
Added Member To Class: ClassName=Regulator Member=Component U6 TPS73601
Added Member To Class: ClassName=VS1063 Member=Component U7 VS1063
Added Member To Class: ClassName=µC Member=Component U8 STM32F103RCT6
Added Member To Class: ClassName=VS1063 Member=Component Y1 XTAL
Added Member To Class: ClassName=µC Member=Component Y2 XTAL
Added Member To Class: ClassName=µC Member=Component Y3 CM415-32.768kHz
Added Room: Name=Interfaces
Added Room: Name=Power
Added Room: Name=Regulator
Added Room: Name=VS1063
Added Room: Name=µC
