Added Component: Designator=C1(0603PKG)
Added Component: Designator=C2(0603PKG)
Added Component: Designator=C3(0603PKG)
Added Component: Designator=C4(0603PKG)
Added Component: Designator=C5(0603PKG)
Added Component: Designator=C6(C0805)
Added Component: Designator=C7(C0805)
Added Component: Designator=C8(0603PKG)
Added Component: Designator=C9(C0805)
Added Component: Designator=C10(0603PKG)
Added Component: Designator=C11(0603PKG)
Added Component: Designator=C12(0603PKG)
Added Component: Designator=C13(0603PKG)
Added Component: Designator=C14(C1206)
Added Component: Designator=C15(C1206)
Added Component: Designator=C16(0603PKG)
Added Component: Designator=C17(C1206)
Added Component: Designator=C18(C1206)
Added Component: Designator=C19(0603PKG)
Added Component: Designator=C20(0603PKG)
Added Component: Designator=C21(0603PKG)
Added Component: Designator=C22(0603PKG)
Added Component: Designator=C23(C0805)
Added Component: Designator=C24(C0805)
Added Component: Designator=C25(0603PKG)
Added Component: Designator=C26(0603PKG)
Added Component: Designator=C27(0603PKG)
Added Component: Designator=C28(0603PKG)
Added Component: Designator=C29(0603PKG)
Added Component: Designator=C30(0603PKG)
Added Component: Designator=C31(0603PKG)
Added Component: Designator=C32(0603PKG)
Added Component: Designator=C33(C0805)
Added Component: Designator=C34(C0805)
Added Component: Designator=C35(C0805)
Added Component: Designator=C36(0603PKG)
Added Component: Designator=C37(0603PKG)
Added Component: Designator=C38(0603PKG)
Added Component: Designator=C39(0603PKG)
Added Component: Designator=C40(0603PKG)
Added Component: Designator=C41(0603PKG)
Added Component: Designator=C42(0603PKG)
Added Component: Designator=C43(0603PKG)
Added Component: Designator=C44(3216X18N)
Added Component: Designator=C45(0603PKG)
Added Component: Designator=C46(0603PKG)
Added Component: Designator=C47(3216X18N)
Added Component: Designator=C48(0603PKG)
Added Component: Designator=C49(C0805)
Added Component: Designator=C50(C0805)
Added Component: Designator=C51(C0805)
Added Component: Designator=C52(0603PKG)
Added Component: Designator=C53(0603PKG)
Added Component: Designator=C54(0603PKG)
Added Component: Designator=C55(0603PKG)
Added Component: Designator=C56(0603PKG)
Added Component: Designator=C57(0603PKG)
Added Component: Designator=C58(0603PKG)
Added Component: Designator=C59(0603PKG)
Added Component: Designator=C60(0603PKG)
Added Component: Designator=C61(0603PKG)
Added Component: Designator=C62(0603PKG)
Added Component: Designator=C63(0603PKG)
Added Component: Designator=C64(0603PKG)
Added Component: Designator=C65(0603PKG)
Added Component: Designator=C66(0603PKG)
Added Component: Designator=C67(0603PKG)
Added Component: Designator=C68(0603PKG)
Added Component: Designator=D1(C0805)
Added Component: Designator=D2(C0805)
Added Component: Designator=D3(C0805)
Added Component: Designator=D4(C0805)
Added Component: Designator=D5(C0805)
Added Component: Designator=D6(C0805)
Added Component: Designator=D7(C0805)
Added Component: Designator=J1(Audio Jack)
Added Component: Designator=L1(C0805)
Added Component: Designator=L2(C0805)
Added Component: Designator=L3(INDP130102X30N)
Added Component: Designator=L4(C0805)
Added Component: Designator=L5(C0805)
Added Component: Designator=MK1(Microphone)
Added Component: Designator=P1(XH_3Pin_RA)
Added Component: Designator=P2(HDR2X13)
Added Component: Designator=P3(XH_4Pin_RA)
Added Component: Designator=P4(XH_2Pin_RA)
Added Component: Designator=P5(Mini USB)
Added Component: Designator=Q1(SOT23)
Added Component: Designator=Q2(SOT23)
Added Component: Designator=Q3(SOT23)
Added Component: Designator=R1(0603PKG)
Added Component: Designator=R2(0603PKG)
Added Component: Designator=R3(0603PKG)
Added Component: Designator=R4(0603PKG)
Added Component: Designator=R5(C0805)
Added Component: Designator=R6(0603PKG)
Added Component: Designator=R7(0603PKG)
Added Component: Designator=R8(0603PKG)
Added Component: Designator=R9(0603PKG)
Added Component: Designator=R10(0603PKG)
Added Component: Designator=R11(0603PKG)
Added Component: Designator=R12(0603PKG)
Added Component: Designator=R13(0603PKG)
Added Component: Designator=R14(0603PKG)
Added Component: Designator=R15(0603PKG)
Added Component: Designator=R16(0603PKG)
Added Component: Designator=R17(0603PKG)
Added Component: Designator=R18(C0805)
Added Component: Designator=R19(0603PKG)
Added Component: Designator=R20(0603PKG)
Added Component: Designator=R21(0603PKG)
Added Component: Designator=R22(0603PKG)
Added Component: Designator=R23(0603PKG)
Added Component: Designator=R24(0603PKG)
Added Component: Designator=R25(0603PKG)
Added Component: Designator=R26(0603PKG)
Added Component: Designator=R27(0603PKG)
Added Component: Designator=R28(0603PKG)
Added Component: Designator=R29(0603PKG)
Added Component: Designator=R30(0603PKG)
Added Component: Designator=R31(0603PKG)
Added Component: Designator=R32(0603PKG)
Added Component: Designator=R33(0603PKG)
Added Component: Designator=R34(0603PKG)
Added Component: Designator=R35(0603PKG)
Added Component: Designator=R36(0603PKG)
Added Component: Designator=R37(0603PKG)
Added Component: Designator=R38(0603PKG)
Added Component: Designator=R39(0603PKG)
Added Component: Designator=R40(C0805)
Added Component: Designator=R41(C0805)
Added Component: Designator=R42(C0805)
Added Component: Designator=R43(0603PKG)
Added Component: Designator=R44(0603PKG)
Added Component: Designator=R45(0603PKG)
Added Component: Designator=R46(0603PKG)
Added Component: Designator=R47(0603PKG)
Added Component: Designator=R48(0603PKG)
Added Component: Designator=R49(0603PKG)
Added Component: Designator=R50(0603PKG)
Added Component: Designator=R51(0603PKG)
Added Component: Designator=R52(0603PKG)
Added Component: Designator=R53(0603PKG)
Added Component: Designator=R54(C0805)
Added Component: Designator=R55(C0805)
Added Component: Designator=R56(C0805)
Added Component: Designator=R57(0603PKG)
Added Component: Designator=R58(0603PKG)
Added Component: Designator=R59(0603PKG)
Added Component: Designator=R60(0603PKG)
Added Component: Designator=R61(0603PKG)
Added Component: Designator=R62(0603PKG)
Added Component: Designator=R63(0603PKG)
Added Component: Designator=R64(0603PKG)
Added Component: Designator=R65(0603PKG)
Added Component: Designator=R66(0603PKG)
Added Component: Designator=R67(0603PKG)
Added Component: Designator=R68(0603PKG)
Added Component: Designator=R69(0603PKG)
Added Component: Designator=R70(0603PKG)
Added Component: Designator=S1(Slide switch)
Added Component: Designator=S2(SMD push button)
Added Component: Designator=S3(SMD push button)
Added Component: Designator=S4(SMD push button)
Added Component: Designator=S5(SMD push button)
Added Component: Designator=S6(SMD push button)
Added Component: Designator=SD1(MicroSD socket)
Added Component: Designator=U1(SOT23-5)
Added Component: Designator=U2(SOT457)
Added Component: Designator=U3(SOT23-6)
Added Component: Designator=U4(QFN16-4*4*0.65)
Added Component: Designator=U5(SOT23-5)
Added Component: Designator=U6(SOT23-5)
Added Component: Designator=U7(SOT23-5)
Added Component: Designator=U8(LQFP48)
Added Component: Designator=U9(STM-LQFP64_N)
Added Component: Designator=Y1(SMD_Crystal)
Added Component: Designator=Y2(SMD_Crystal)
Added Component: Designator=Y3(CM415)
Added Pin To Net: NetName=GND Pin=C1-1
Added Pin To Net: NetName=VCC_3V3 Pin=C1-2
Added Pin To Net: NetName=GND Pin=C2-1
Added Pin To Net: NetName=VCC_3V3 Pin=C2-2
Added Pin To Net: NetName=GND Pin=C3-1
Added Pin To Net: NetName=VCC_3V3_EXT Pin=C3-2
Added Pin To Net: NetName=GND Pin=C4-1
Added Pin To Net: NetName=VCC_3V3_EXT Pin=C4-2
Added Pin To Net: NetName=GND Pin=C5-1
Added Pin To Net: NetName=VCC_BAT Pin=C5-2
Added Pin To Net: NetName=GND Pin=C7-1
Added Pin To Net: NetName=5V0 Pin=C7-2
Added Pin To Net: NetName=GND Pin=C8-1
Added Pin To Net: NetName=5V0 Pin=C8-2
Added Pin To Net: NetName=GND Pin=C9-1
Added Pin To Net: NetName=VCC_BAT Pin=C10-1
Added Pin To Net: NetName=ADC_BAT Pin=C10-2
Added Pin To Net: NetName=GND Pin=C11-1
Added Pin To Net: NetName=VDD Pin=C11-2
Added Pin To Net: NetName=GND Pin=C12-1
Added Pin To Net: NetName=VDD Pin=C12-2
Added Pin To Net: NetName=GND Pin=C13-1
Added Pin To Net: NetName=VCC_BAT Pin=C13-2
Added Pin To Net: NetName=VDD Pin=C14-1
Added Pin To Net: NetName=GND Pin=C14-2
Added Pin To Net: NetName=VDD Pin=C15-1
Added Pin To Net: NetName=GND Pin=C15-2
Added Pin To Net: NetName=GND Pin=C17-2
Added Pin To Net: NetName=GND Pin=C18-2
Added Pin To Net: NetName=VDD Pin=C19-1
Added Pin To Net: NetName=GND Pin=C19-2
Added Pin To Net: NetName=CVDD Pin=C20-1
Added Pin To Net: NetName=GND Pin=C20-2
Added Pin To Net: NetName=GND Pin=C21-2
Added Pin To Net: NetName=CVDD Pin=C22-1
Added Pin To Net: NetName=VCC_BACKUP Pin=C23-1
Added Pin To Net: NetName=GND Pin=C23-2
Added Pin To Net: NetName=VCC_BAT Pin=C24-1
Added Pin To Net: NetName=GND Pin=C24-2
Added Pin To Net: NetName=VCC_3V3_BAT Pin=C25-1
Added Pin To Net: NetName=GND Pin=C25-2
Added Pin To Net: NetName=VCC_BAT Pin=C26-1
Added Pin To Net: NetName=GND Pin=C26-2
Added Pin To Net: NetName=VCC_3V3_BAT Pin=C27-1
Added Pin To Net: NetName=GND Pin=C28-1
Added Pin To Net: NetName=CVDD Pin=C28-2
Added Pin To Net: NetName=GND Pin=C29-1
Added Pin To Net: NetName=CVDD Pin=C29-2
Added Pin To Net: NetName=GND Pin=C30-1
Added Pin To Net: NetName=CVDD Pin=C30-2
Added Pin To Net: NetName=GND Pin=C31-1
Added Pin To Net: NetName=CVDD Pin=C31-2
Added Pin To Net: NetName=GND Pin=C32-1
Added Pin To Net: NetName=CVDD Pin=C32-2
Added Pin To Net: NetName=GND Pin=C33-1
Added Pin To Net: NetName=GND Pin=C34-1
Added Pin To Net: NetName=AGND Pin=C35-1
Added Pin To Net: NetName=GND Pin=C36-1
Added Pin To Net: NetName=IOVDD Pin=C36-2
Added Pin To Net: NetName=GND Pin=C37-1
Added Pin To Net: NetName=IOVDD Pin=C37-2
Added Pin To Net: NetName=GND Pin=C38-1
Added Pin To Net: NetName=IOVDD Pin=C38-2
Added Pin To Net: NetName=GND Pin=C39-1
Added Pin To Net: NetName=IOVDD Pin=C39-2
Added Pin To Net: NetName=AGND Pin=C40-1
Added Pin To Net: NetName=IOVDD Pin=C40-2
Added Pin To Net: NetName=AGND Pin=C41-1
Added Pin To Net: NetName=IOVDD Pin=C41-2
Added Pin To Net: NetName=AGND Pin=C42-1
Added Pin To Net: NetName=IOVDD Pin=C42-2
Added Pin To Net: NetName=AGND Pin=C43-1
Added Pin To Net: NetName=IOVDD Pin=C43-2
Added Pin To Net: NetName=AGND Pin=C44-2
Added Pin To Net: NetName=MICP Pin=C45-1
Added Pin To Net: NetName=NetC46_1 Pin=C46-1
Added Pin To Net: NetName=MICN Pin=C48-1
Added Pin To Net: NetName=NetC46_1 Pin=C48-2
Added Pin To Net: NetName=AGND Pin=C49-2
Added Pin To Net: NetName=AGND Pin=C50-2
Added Pin To Net: NetName=AGND Pin=C51-2
Added Pin To Net: NetName=X\R\S\T Pin=C52-1
Added Pin To Net: NetName=GND Pin=C52-2
Added Pin To Net: NetName=GNDA Pin=C53-1
Added Pin To Net: NetName=VCC_3V3A Pin=C53-2
Added Pin To Net: NetName=GNDA Pin=C54-1
Added Pin To Net: NetName=VCC_3V3A Pin=C54-2
Added Pin To Net: NetName=GND Pin=C55-1
Added Pin To Net: NetName=VCC_3V3 Pin=C55-2
Added Pin To Net: NetName=GND Pin=C56-1
Added Pin To Net: NetName=VCC_3V3 Pin=C56-2
Added Pin To Net: NetName=GND Pin=C57-1
Added Pin To Net: NetName=VCC_3V3 Pin=C57-2
Added Pin To Net: NetName=GND Pin=C58-1
Added Pin To Net: NetName=VCC_3V3 Pin=C58-2
Added Pin To Net: NetName=GND Pin=C59-1
Added Pin To Net: NetName=VCC_3V3 Pin=C59-2
Added Pin To Net: NetName=GND Pin=C60-1
Added Pin To Net: NetName=N\R\S\T\ Pin=C60-2
Added Pin To Net: NetName=GND Pin=C61-1
Added Pin To Net: NetName=XIN Pin=C61-2
Added Pin To Net: NetName=GND Pin=C62-1
Added Pin To Net: NetName=XOUT Pin=C62-2
Added Pin To Net: NetName=GND Pin=C63-1
Added Pin To Net: NetName=XIN32 Pin=C63-2
Added Pin To Net: NetName=GND Pin=C64-1
Added Pin To Net: NetName=XOUT32 Pin=C64-2
Added Pin To Net: NetName=GND Pin=C65-1
Added Pin To Net: NetName=KEY2 Pin=C65-2
Added Pin To Net: NetName=GND Pin=C66-1
Added Pin To Net: NetName=KEY4 Pin=C66-2
Added Pin To Net: NetName=GND Pin=C67-1
Added Pin To Net: NetName=BOOT1 Pin=C67-2
Added Pin To Net: NetName=GND Pin=C68-1
Added Pin To Net: NetName=KEY3 Pin=C68-2
Added Pin To Net: NetName=NetD1_1 Pin=D1-1
Added Pin To Net: NetName=GND Pin=D1-2
Added Pin To Net: NetName=NetD2_1 Pin=D2-1
Added Pin To Net: NetName=GND Pin=D2-2
Added Pin To Net: NetName=NetD3_1 Pin=D3-1
Added Pin To Net: NetName=GND Pin=D3-2
Added Pin To Net: NetName=NetD4_1 Pin=D4-1
Added Pin To Net: NetName=GND Pin=D4-2
Added Pin To Net: NetName=NetD5_1 Pin=D5-1
Added Pin To Net: NetName=GND Pin=D5-2
Added Pin To Net: NetName=NetD6_1 Pin=D6-1
Added Pin To Net: NetName=GND Pin=D6-2
Added Pin To Net: NetName=GND Pin=D7-2
Added Pin To Net: NetName=GBUF Pin=J1-1
Added Pin To Net: NetName=LEFT Pin=J1-2
Added Pin To Net: NetName=RIGHT Pin=J1-4
Added Pin To Net: NetName=GBUF Pin=J1-5
Added Pin To Net: NetName=5V0 Pin=L1-2
Added Pin To Net: NetName=GND Pin=L2-2
Added Pin To Net: NetName=NetL3_1 Pin=L3-1
Added Pin To Net: NetName=VCC_3V3A Pin=L4-1
Added Pin To Net: NetName=VCC_3V3 Pin=L4-2
Added Pin To Net: NetName=GND Pin=L5-1
Added Pin To Net: NetName=GNDA Pin=L5-2
Added Pin To Net: NetName=NetC46_1 Pin=MK1-2
Added Pin To Net: NetName=VS_TX Pin=P1-1
Added Pin To Net: NetName=VS_RX Pin=P1-2
Added Pin To Net: NetName=GND Pin=P1-3
Added Pin To Net: NetName=VCC_3V3_EXT Pin=P2-1
Added Pin To Net: NetName=I2C1_SDA Pin=P2-3
Added Pin To Net: NetName=I2C1_SCL Pin=P2-5
Added Pin To Net: NetName=GND Pin=P2-6
Added Pin To Net: NetName=USART1_TX Pin=P2-8
Added Pin To Net: NetName=GND Pin=P2-9
Added Pin To Net: NetName=USART1_RX Pin=P2-10
Added Pin To Net: NetName=DAC_OUT1 Pin=P2-12
Added Pin To Net: NetName=GND Pin=P2-14
Added Pin To Net: NetName=VCC_3V3_EXT Pin=P2-17
Added Pin To Net: NetName=SPI2_MOSI Pin=P2-19
Added Pin To Net: NetName=GND Pin=P2-20
Added Pin To Net: NetName=SPI2_MISO Pin=P2-21
Added Pin To Net: NetName=SPI2_SCK Pin=P2-23
Added Pin To Net: NetName=SPI2_NCS0 Pin=P2-24
Added Pin To Net: NetName=GND Pin=P2-25
Added Pin To Net: NetName=SPI2_NCS1 Pin=P2-26
Added Pin To Net: NetName=NetP3_1 Pin=P3-1
Added Pin To Net: NetName=SWDIO Pin=P3-2
Added Pin To Net: NetName=SWCLK Pin=P3-3
Added Pin To Net: NetName=GND Pin=P3-4
Added Pin To Net: NetName=VCC_BAT Pin=P4-1
Added Pin To Net: NetName=GND Pin=P4-2
Added Pin To Net: NetName=PWR_EXT Pin=Q1-1
Added Pin To Net: NetName=VCC_3V3 Pin=Q1-2
Added Pin To Net: NetName=VCC_3V3_EXT Pin=Q1-3
Added Pin To Net: NetName=PWRSTAT Pin=Q2-1
Added Pin To Net: NetName=VDD Pin=Q2-2
Added Pin To Net: NetName=5V0 Pin=Q2-3
Added Pin To Net: NetName=VDD Pin=Q3-2
Added Pin To Net: NetName=VCC_BAT Pin=Q3-3
Added Pin To Net: NetName=VCC_3V3 Pin=R1-1
Added Pin To Net: NetName=SD_CD Pin=R1-2
Added Pin To Net: NetName=USART2_RX Pin=R2-1
Added Pin To Net: NetName=VS_TX Pin=R2-2
Added Pin To Net: NetName=VS_RX Pin=R3-1
Added Pin To Net: NetName=USART2_TX Pin=R3-2
Added Pin To Net: NetName=VCC_3V3 Pin=R4-1
Added Pin To Net: NetName=VCC_3V3_EXT Pin=R4-2
Added Pin To Net: NetName=VCC_3V3 Pin=R5-1
Added Pin To Net: NetName=PWR_EXT Pin=R5-2
Added Pin To Net: NetName=VCC_3V3_EXT Pin=R6-1
Added Pin To Net: NetName=I2C1_SDA Pin=R6-2
Added Pin To Net: NetName=VCC_3V3_EXT Pin=R7-1
Added Pin To Net: NetName=I2C1_SCL Pin=R7-2
Added Pin To Net: NetName=VCC_3V3 Pin=R8-1
Added Pin To Net: NetName=NetP3_1 Pin=R8-2
Added Pin To Net: NetName=5V0 Pin=R9-1
Added Pin To Net: NetName=5V0 Pin=R10-1
Added Pin To Net: NetName=NetD1_1 Pin=R11-1
Added Pin To Net: NetName=5V0 Pin=R11-2
Added Pin To Net: NetName=5V0 Pin=R12-2
Added Pin To Net: NetName=ADC_BAT Pin=R13-1
Added Pin To Net: NetName=VCC_BAT Pin=R13-2
Added Pin To Net: NetName=GND Pin=R14-1
Added Pin To Net: NetName=GND Pin=R15-1
Added Pin To Net: NetName=ADC_BAT Pin=R15-2
Added Pin To Net: NetName=PWRSTAT Pin=R16-1
Added Pin To Net: NetName=VDD Pin=R16-2
Added Pin To Net: NetName=GND Pin=R17-1
Added Pin To Net: NetName=VCC_3V3 Pin=R18-1
Added Pin To Net: NetName=LBI Pin=R19-1
Added Pin To Net: NetName=VCC_BAT Pin=R19-2
Added Pin To Net: NetName=LBI Pin=R20-1
Added Pin To Net: NetName=GND Pin=R20-2
Added Pin To Net: NetName=REG_LBO Pin=R21-1
Added Pin To Net: NetName=REG_PG Pin=R22-2
Added Pin To Net: NetName=SYNC Pin=R24-1
Added Pin To Net: NetName=VDD Pin=R24-2
Added Pin To Net: NetName=SYNC Pin=R25-1
Added Pin To Net: NetName=GND Pin=R25-2
Added Pin To Net: NetName=GND Pin=R26-1
Added Pin To Net: NetName=SYNC Pin=R27-1
Added Pin To Net: NetName=REG_SYNC Pin=R27-2
Added Pin To Net: NetName=REG_LBO Pin=R28-1
Added Pin To Net: NetName=LBI Pin=R28-2
Added Pin To Net: NetName=VCC_BAT Pin=R29-2
Added Pin To Net: NetName=VCC_3V3 Pin=R30-2
Added Pin To Net: NetName=NetR31_1 Pin=R31-1
Added Pin To Net: NetName=CVDD Pin=R32-2
Added Pin To Net: NetName=NetR33_1 Pin=R33-1
Added Pin To Net: NetName=VCC_BAT Pin=R33-2
Added Pin To Net: NetName=GND Pin=R34-1
Added Pin To Net: NetName=VCC_BACKUP Pin=R35-2
Added Pin To Net: NetName=GND Pin=R36-1
Added Pin To Net: NetName=VCC_BAT Pin=R37-2
Added Pin To Net: NetName=VCC_3V3_BAT Pin=R38-2
Added Pin To Net: NetName=GND Pin=R39-1
Added Pin To Net: NetName=GND Pin=R40-1
Added Pin To Net: NetName=GPIO0 Pin=R40-2
Added Pin To Net: NetName=VS_RX Pin=R41-1
Added Pin To Net: NetName=IOVDD Pin=R41-2
Added Pin To Net: NetName=IOVDD Pin=R43-1
Added Pin To Net: NetName=VCC_3V3_BAT Pin=R44-1
Added Pin To Net: NetName=IOVDD Pin=R44-2
Added Pin To Net: NetName=GND Pin=R46-1
Added Pin To Net: NetName=AGND Pin=R46-2
Added Pin To Net: NetName=VCC_3V3 Pin=R47-1
Added Pin To Net: NetName=IOVDD Pin=R47-2
Added Pin To Net: NetName=NetD2_1 Pin=R48-1
Added Pin To Net: NetName=GPIO0 Pin=R48-2
Added Pin To Net: NetName=NetD3_1 Pin=R49-1
Added Pin To Net: NetName=GPIO1 Pin=R49-2
Added Pin To Net: NetName=NetD4_1 Pin=R50-1
Added Pin To Net: NetName=GPIO2 Pin=R50-2
Added Pin To Net: NetName=NetD5_1 Pin=R51-1
Added Pin To Net: NetName=GPIO3 Pin=R51-2
Added Pin To Net: NetName=NetC46_1 Pin=R52-1
Added Pin To Net: NetName=AGND Pin=R53-2
Added Pin To Net: NetName=GBUF Pin=R54-1
Added Pin To Net: NetName=LEFT Pin=R55-1
Added Pin To Net: NetName=RIGHT Pin=R56-1
Added Pin To Net: NetName=IOVDD Pin=R57-1
Added Pin To Net: NetName=X\R\S\T Pin=R57-2
Added Pin To Net: NetName=VCC_3V3 Pin=R58-2
Added Pin To Net: NetName=USB_N Pin=R59-2
Added Pin To Net: NetName=USB_P Pin=R60-2
Added Pin To Net: NetName=VCC_3V3 Pin=R61-2
Added Pin To Net: NetName=VCC_BACKUP Pin=R62-2
Added Pin To Net: NetName=XOUT Pin=R63-1
Added Pin To Net: NetName=XOUT32 Pin=R64-2
Added Pin To Net: NetName=BOOT0 Pin=R65-1
Added Pin To Net: NetName=VCC_3V3 Pin=R65-2
Added Pin To Net: NetName=BOOT0 Pin=R66-1
Added Pin To Net: NetName=GND Pin=R66-2
Added Pin To Net: NetName=BOOT1 Pin=R67-1
Added Pin To Net: NetName=VCC_3V3 Pin=R67-2
Added Pin To Net: NetName=NetD6_1 Pin=R68-1
Added Pin To Net: NetName=LED1 Pin=R68-2
Added Pin To Net: NetName=LED2 Pin=R69-2
Added Pin To Net: NetName=BOOT1 Pin=R70-1
Added Pin To Net: NetName=GND Pin=R70-2
Added Pin To Net: NetName=VDD Pin=S1-1
Added Pin To Net: NetName=PWE_EN Pin=S1-2
Added Pin To Net: NetName=GND Pin=S1-3
Added Pin To Net: NetName=GND Pin=S2-1
Added Pin To Net: NetName=N\R\S\T\ Pin=S2-2
Added Pin To Net: NetName=GND Pin=S3-1
Added Pin To Net: NetName=BOOT1 Pin=S3-2
Added Pin To Net: NetName=GND Pin=S4-1
Added Pin To Net: NetName=KEY2 Pin=S4-2
Added Pin To Net: NetName=GND Pin=S5-1
Added Pin To Net: NetName=KEY3 Pin=S5-2
Added Pin To Net: NetName=GND Pin=S6-1
Added Pin To Net: NetName=KEY4 Pin=S6-2
Added Pin To Net: NetName=SDIO_D2 Pin=SD1-1
Added Pin To Net: NetName=SDIO_D2 Pin=SD1-1
Added Pin To Net: NetName=SDIO_D2 Pin=SD1-1
Added Pin To Net: NetName=SDIO_D3 Pin=SD1-2
Added Pin To Net: NetName=SDIO_CMD Pin=SD1-3
Added Pin To Net: NetName=VCC_3V3 Pin=SD1-4
Added Pin To Net: NetName=SDIO_CK Pin=SD1-5
Added Pin To Net: NetName=GND Pin=SD1-6
Added Pin To Net: NetName=SDIO_D0 Pin=SD1-7
Added Pin To Net: NetName=SDIO_D1 Pin=SD1-8
Added Pin To Net: NetName=SD_CD Pin=SD1-9
Added Pin To Net: NetName=GND Pin=SD1-10
Added Pin To Net: NetName=GND Pin=U1-2
Added Pin To Net: NetName=C\H\G\ Pin=U1-3
Added Pin To Net: NetName=VCC_BAT Pin=U1-5
Added Pin To Net: NetName=USB_P Pin=U2-1
Added Pin To Net: NetName=USB_N Pin=U2-3
Added Pin To Net: NetName=VCC_BAT Pin=U3-1
Added Pin To Net: NetName=GND Pin=U3-2
Added Pin To Net: NetName=PWRSTAT Pin=U3-4
Added Pin To Net: NetName=VDD Pin=U3-6
Added Pin To Net: NetName=GND Pin=U4-1
Added Pin To Net: NetName=VDD Pin=U4-2
Added Pin To Net: NetName=VDD Pin=U4-3
Added Pin To Net: NetName=PWE_EN Pin=U4-4
Added Pin To Net: NetName=SYNC Pin=U4-5
Added Pin To Net: NetName=REG_LBO Pin=U4-6
Added Pin To Net: NetName=LBI Pin=U4-7
Added Pin To Net: NetName=VDD Pin=U4-8
Added Pin To Net: NetName=GND Pin=U4-9
Added Pin To Net: NetName=GND Pin=U4-11
Added Pin To Net: NetName=GND Pin=U4-12
Added Pin To Net: NetName=REG_PG Pin=U4-13
Added Pin To Net: NetName=NetL3_1 Pin=U4-14
Added Pin To Net: NetName=NetL3_1 Pin=U4-15
Added Pin To Net: NetName=GND Pin=U4-16
Added Pin To Net: NetName=GND Pin=U4-17
Added Pin To Net: NetName=GND Pin=U5-2
Added Pin To Net: NetName=NetR31_1 Pin=U5-3
Added Pin To Net: NetName=CVDD Pin=U5-5
Added Pin To Net: NetName=VCC_BAT Pin=U6-1
Added Pin To Net: NetName=GND Pin=U6-2
Added Pin To Net: NetName=NetR33_1 Pin=U6-3
Added Pin To Net: NetName=VCC_BACKUP Pin=U6-5
Added Pin To Net: NetName=VCC_BAT Pin=U7-1
Added Pin To Net: NetName=GND Pin=U7-2
Added Pin To Net: NetName=VCC_3V3_BAT Pin=U7-5
Added Pin To Net: NetName=MICP Pin=U8-1
Added Pin To Net: NetName=MICN Pin=U8-2
Added Pin To Net: NetName=X\R\S\T Pin=U8-3
Added Pin To Net: NetName=GND Pin=U8-4
Added Pin To Net: NetName=CVDD Pin=U8-5
Added Pin To Net: NetName=IOVDD Pin=U8-6
Added Pin To Net: NetName=CVDD Pin=U8-7
Added Pin To Net: NetName=DREQ Pin=U8-8
Added Pin To Net: NetName=GPIO2 Pin=U8-9
Added Pin To Net: NetName=GPIO3 Pin=U8-10
Added Pin To Net: NetName=GPIO0 Pin=U8-11
Added Pin To Net: NetName=GPIO0 Pin=U8-12
Added Pin To Net: NetName=X\D\C\S\ Pin=U8-13
Added Pin To Net: NetName=IOVDD Pin=U8-14
Added Pin To Net: NetName=GND Pin=U8-16
Added Pin To Net: NetName=IOVDD Pin=U8-19
Added Pin To Net: NetName=GND Pin=U8-20
Added Pin To Net: NetName=GND Pin=U8-21
Added Pin To Net: NetName=GND Pin=U8-22
Added Pin To Net: NetName=X\C\S\ Pin=U8-23
Added Pin To Net: NetName=CVDD Pin=U8-24
Added Pin To Net: NetName=GPIO0 Pin=U8-25
Added Pin To Net: NetName=VS_RX Pin=U8-26
Added Pin To Net: NetName=VS_TX Pin=U8-27
Added Pin To Net: NetName=SPI1_SCK Pin=U8-28
Added Pin To Net: NetName=SPI1_MOSI Pin=U8-29
Added Pin To Net: NetName=SPI1_MISO Pin=U8-30
Added Pin To Net: NetName=CVDD Pin=U8-31
Added Pin To Net: NetName=IOVDD Pin=U8-32
Added Pin To Net: NetName=GPIO0 Pin=U8-33
Added Pin To Net: NetName=GPIO1 Pin=U8-34
Added Pin To Net: NetName=GND Pin=U8-35
Added Pin To Net: NetName=GPIO0 Pin=U8-36
Added Pin To Net: NetName=AGND Pin=U8-37
Added Pin To Net: NetName=IOVDD Pin=U8-38
Added Pin To Net: NetName=RIGHT Pin=U8-39
Added Pin To Net: NetName=AGND Pin=U8-40
Added Pin To Net: NetName=AGND Pin=U8-41
Added Pin To Net: NetName=GBUF Pin=U8-42
Added Pin To Net: NetName=IOVDD Pin=U8-43
Added Pin To Net: NetName=IOVDD Pin=U8-45
Added Pin To Net: NetName=LEFT Pin=U8-46
Added Pin To Net: NetName=AGND Pin=U8-47
Added Pin To Net: NetName=PWR_EXT Pin=U9-2
Added Pin To Net: NetName=XIN32 Pin=U9-3
Added Pin To Net: NetName=XIN Pin=U9-5
Added Pin To Net: NetName=N\R\S\T\ Pin=U9-7
Added Pin To Net: NetName=REG_PG Pin=U9-8
Added Pin To Net: NetName=REG_LBO Pin=U9-9
Added Pin To Net: NetName=REG_SYNC Pin=U9-10
Added Pin To Net: NetName=C\H\G\ Pin=U9-11
Added Pin To Net: NetName=GNDA Pin=U9-12
Added Pin To Net: NetName=VCC_3V3A Pin=U9-13
Added Pin To Net: NetName=KEY4 Pin=U9-14
Added Pin To Net: NetName=ADC_BAT Pin=U9-15
Added Pin To Net: NetName=USART2_TX Pin=U9-16
Added Pin To Net: NetName=USART2_RX Pin=U9-17
Added Pin To Net: NetName=GND Pin=U9-18
Added Pin To Net: NetName=VCC_3V3 Pin=U9-19
Added Pin To Net: NetName=DAC_OUT1 Pin=U9-20
Added Pin To Net: NetName=SPI1_SCK Pin=U9-21
Added Pin To Net: NetName=SPI1_MISO Pin=U9-22
Added Pin To Net: NetName=SPI1_MOSI Pin=U9-23
Added Pin To Net: NetName=X\C\S\ Pin=U9-24
Added Pin To Net: NetName=X\D\C\S\ Pin=U9-25
Added Pin To Net: NetName=DREQ Pin=U9-26
Added Pin To Net: NetName=X\R\S\T Pin=U9-27
Added Pin To Net: NetName=BOOT1 Pin=U9-28
Added Pin To Net: NetName=KEY2 Pin=U9-29
Added Pin To Net: NetName=KEY3 Pin=U9-30
Added Pin To Net: NetName=GND Pin=U9-31
Added Pin To Net: NetName=VCC_3V3 Pin=U9-32
Added Pin To Net: NetName=SPI2_SCK Pin=U9-34
Added Pin To Net: NetName=SPI2_MISO Pin=U9-35
Added Pin To Net: NetName=SPI2_MOSI Pin=U9-36
Added Pin To Net: NetName=SPI2_NCS0 Pin=U9-37
Added Pin To Net: NetName=SPI2_NCS1 Pin=U9-38
Added Pin To Net: NetName=SDIO_D0 Pin=U9-39
Added Pin To Net: NetName=SDIO_D1 Pin=U9-40
Added Pin To Net: NetName=SD_CD Pin=U9-41
Added Pin To Net: NetName=USART1_TX Pin=U9-42
Added Pin To Net: NetName=USART1_RX Pin=U9-43
Added Pin To Net: NetName=SWDIO Pin=U9-46
Added Pin To Net: NetName=GND Pin=U9-47
Added Pin To Net: NetName=VCC_3V3 Pin=U9-48
Added Pin To Net: NetName=SWCLK Pin=U9-49
Added Pin To Net: NetName=LED1 Pin=U9-50
Added Pin To Net: NetName=SDIO_D2 Pin=U9-51
Added Pin To Net: NetName=SDIO_D3 Pin=U9-52
Added Pin To Net: NetName=SDIO_CK Pin=U9-53
Added Pin To Net: NetName=SDIO_CMD Pin=U9-54
Added Pin To Net: NetName=LED2 Pin=U9-55
Added Pin To Net: NetName=I2C1_SCL Pin=U9-58
Added Pin To Net: NetName=I2C1_SDA Pin=U9-59
Added Pin To Net: NetName=BOOT0 Pin=U9-60
Added Pin To Net: NetName=GND Pin=U9-63
Added Pin To Net: NetName=VCC_3V3 Pin=U9-64
Added Pin To Net: NetName=XOUT Pin=Y2-1
Added Pin To Net: NetName=XIN Pin=Y2-2
Added Pin To Net: NetName=XIN32 Pin=Y3-1
Added Pin To Net: NetName=XOUT32 Pin=Y3-2
Added Pin To Net: NetName=HDR_IO1 Pin=P2-7
Added Pin To Net: NetName=HDR_IO1 Pin=U9-56
Added Net: Name=HDR_IO1
Added Pin To Net: NetName=HDR_IO2 Pin=P2-11
Added Pin To Net: NetName=HDR_IO2 Pin=U9-57
Added Net: Name=HDR_IO2
Added Pin To Net: NetName=HDR_IO3 Pin=P2-16
Added Pin To Net: NetName=HDR_IO3 Pin=U9-61
Added Net: Name=HDR_IO3
Added Pin To Net: NetName=HDR_IO4 Pin=P2-18
Added Pin To Net: NetName=HDR_IO4 Pin=U9-62
Added Net: Name=HDR_IO4
Added Pin To Net: NetName=NetC6_1 Pin=C6-1
Added Pin To Net: NetName=NetC6_1 Pin=L2-1
Added Pin To Net: NetName=NetC6_1 Pin=P5-5
Added Pin To Net: NetName=NetC6_1 Pin=U2-2
Added Net: Name=NetC6_1
Added Pin To Net: NetName=NetC6_2 Pin=C6-2
Added Pin To Net: NetName=NetC6_2 Pin=L1-1
Added Pin To Net: NetName=NetC6_2 Pin=P5-1
Added Pin To Net: NetName=NetC6_2 Pin=U2-5
Added Net: Name=NetC6_2
Added Pin To Net: NetName=NetC9_2 Pin=C9-2
Added Pin To Net: NetName=NetC9_2 Pin=P5-6
Added Pin To Net: NetName=NetC9_2 Pin=P5-7
Added Pin To Net: NetName=NetC9_2 Pin=P5-8
Added Pin To Net: NetName=NetC9_2 Pin=P5-9
Added Net: Name=NetC9_2
Added Pin To Net: NetName=NetC16_1 Pin=C16-1
Added Pin To Net: NetName=NetC16_1 Pin=C17-1
Added Pin To Net: NetName=NetC16_1 Pin=C18-1
Added Pin To Net: NetName=NetC16_1 Pin=L3-2
Added Pin To Net: NetName=NetC16_1 Pin=R18-2
Added Pin To Net: NetName=NetC16_1 Pin=R21-2
Added Pin To Net: NetName=NetC16_1 Pin=R22-1
Added Pin To Net: NetName=NetC16_1 Pin=R23-2
Added Net: Name=NetC16_1
Added Pin To Net: NetName=NetC16_2 Pin=C16-2
Added Pin To Net: NetName=NetC16_2 Pin=R23-1
Added Pin To Net: NetName=NetC16_2 Pin=R26-2
Added Pin To Net: NetName=NetC16_2 Pin=U4-10
Added Net: Name=NetC16_2
Added Pin To Net: NetName=NetC21_1 Pin=C21-1
Added Pin To Net: NetName=NetC21_1 Pin=R29-1
Added Pin To Net: NetName=NetC21_1 Pin=R30-1
Added Pin To Net: NetName=NetC21_1 Pin=R31-2
Added Pin To Net: NetName=NetC21_1 Pin=U5-1
Added Net: Name=NetC21_1
Added Pin To Net: NetName=NetC22_2 Pin=C22-2
Added Pin To Net: NetName=NetC22_2 Pin=R32-1
Added Pin To Net: NetName=NetC22_2 Pin=R34-2
Added Pin To Net: NetName=NetC22_2 Pin=U5-4
Added Net: Name=NetC22_2
Added Pin To Net: NetName=NetC27_2 Pin=C27-2
Added Pin To Net: NetName=NetC27_2 Pin=R38-1
Added Pin To Net: NetName=NetC27_2 Pin=R39-2
Added Pin To Net: NetName=NetC27_2 Pin=U7-4
Added Net: Name=NetC27_2
Added Pin To Net: NetName=NetC33_2 Pin=C33-2
Added Pin To Net: NetName=NetC33_2 Pin=R42-2
Added Pin To Net: NetName=NetC33_2 Pin=U8-18
Added Pin To Net: NetName=NetC33_2 Pin=Y1-2
Added Net: Name=NetC33_2
Added Pin To Net: NetName=NetC34_2 Pin=C34-2
Added Pin To Net: NetName=NetC34_2 Pin=R42-1
Added Pin To Net: NetName=NetC34_2 Pin=U8-17
Added Pin To Net: NetName=NetC34_2 Pin=Y1-1
Added Net: Name=NetC34_2
Added Pin To Net: NetName=NetC35_2 Pin=C35-2
Added Pin To Net: NetName=NetC35_2 Pin=U8-44
Added Net: Name=NetC35_2
Added Pin To Net: NetName=NetC44_1 Pin=C44-1
Added Pin To Net: NetName=NetC44_1 Pin=C47-1
Added Pin To Net: NetName=NetC44_1 Pin=R43-2
Added Pin To Net: NetName=NetC44_1 Pin=R45-1
Added Net: Name=NetC44_1
Added Pin To Net: NetName=NetC45_2 Pin=C45-2
Added Pin To Net: NetName=NetC45_2 Pin=C46-2
Added Pin To Net: NetName=NetC45_2 Pin=MK1-1
Added Pin To Net: NetName=NetC45_2 Pin=R45-2
Added Net: Name=NetC45_2
Added Pin To Net: NetName=NetC47_2 Pin=C47-2
Added Pin To Net: NetName=NetC47_2 Pin=R52-2
Added Pin To Net: NetName=NetC47_2 Pin=R53-1
Added Net: Name=NetC47_2
Added Pin To Net: NetName=NetC49_1 Pin=C49-1
Added Pin To Net: NetName=NetC49_1 Pin=R54-2
Added Net: Name=NetC49_1
Added Pin To Net: NetName=NetC50_1 Pin=C50-1
Added Pin To Net: NetName=NetC50_1 Pin=R55-2
Added Net: Name=NetC50_1
Added Pin To Net: NetName=NetC51_1 Pin=C51-1
Added Pin To Net: NetName=NetC51_1 Pin=R56-2
Added Net: Name=NetC51_1
Added Pin To Net: NetName=NetD7_1 Pin=D7-1
Added Pin To Net: NetName=NetD7_1 Pin=R69-1
Added Net: Name=NetD7_1
Added Pin To Net: NetName=NetP5_2 Pin=P5-2
Added Pin To Net: NetName=NetP5_2 Pin=U2-4
Added Net: Name=NetP5_2
Added Pin To Net: NetName=NetP5_3 Pin=P5-3
Added Pin To Net: NetName=NetP5_3 Pin=U2-6
Added Net: Name=NetP5_3
Added Pin To Net: NetName=NetQ3_1 Pin=Q3-1
Added Pin To Net: NetName=NetQ3_1 Pin=U3-5
Added Net: Name=NetQ3_1
Added Pin To Net: NetName=NetR9_2 Pin=R9-2
Added Pin To Net: NetName=NetR9_2 Pin=U1-1
Added Net: Name=NetR9_2
Added Pin To Net: NetName=NetR10_2 Pin=R10-2
Added Pin To Net: NetName=NetR10_2 Pin=U1-4
Added Net: Name=NetR10_2
Added Pin To Net: NetName=NetR17_2 Pin=R17-2
Added Pin To Net: NetName=NetR17_2 Pin=U3-3
Added Net: Name=NetR17_2
Added Pin To Net: NetName=NetR35_1 Pin=R35-1
Added Pin To Net: NetName=NetR35_1 Pin=R36-2
Added Pin To Net: NetName=NetR35_1 Pin=U6-4
Added Net: Name=NetR35_1
Added Pin To Net: NetName=NetR37_1 Pin=R37-1
Added Pin To Net: NetName=NetR37_1 Pin=U7-3
Added Net: Name=NetR37_1
Added Pin To Net: NetName=NetR58_1 Pin=R58-1
Added Pin To Net: NetName=NetR58_1 Pin=R62-1
Added Pin To Net: NetName=NetR58_1 Pin=U9-1
Added Net: Name=NetR58_1
Added Pin To Net: NetName=NetR63_2 Pin=R63-2
Added Pin To Net: NetName=NetR63_2 Pin=U9-6
Added Net: Name=NetR63_2
Added Pin To Net: NetName=NetR64_1 Pin=R64-1
Added Pin To Net: NetName=NetR64_1 Pin=U9-4
Added Net: Name=NetR64_1
Added Pin To Net: NetName=VBUS Pin=R12-1
Added Pin To Net: NetName=VBUS Pin=R14-2
Added Pin To Net: NetName=VBUS Pin=U9-33
Added Net: Name=VBUS
Added Pin To Net: NetName=µC_USB_N Pin=R59-1
Added Pin To Net: NetName=µC_USB_N Pin=U9-44
Added Net: Name=µC_USB_N
Added Pin To Net: NetName=µC_USB_P Pin=R60-1
Added Pin To Net: NetName=µC_USB_P Pin=R61-1
Added Pin To Net: NetName=µC_USB_P Pin=U9-45
Added Net: Name=µC_USB_P
Added Differential Pair: Name=USB
Added Differential Pair: Name=µC_USB
Added Member To Class: ClassName=Interfaces Member=Component C1 Cap
Added Member To Class: ClassName=Interfaces Member=Component C2 Cap
Added Member To Class: ClassName=Interfaces Member=Component C3 Cap
Added Member To Class: ClassName=Interfaces Member=Component C4 Cap
Added Member To Class: ClassName=Power Member=Component C5 Cap
Added Member To Class: ClassName=Power Member=Component C6 Cap
Added Member To Class: ClassName=Power Member=Component C7 Cap
Added Member To Class: ClassName=Power Member=Component C8 Cap
Added Member To Class: ClassName=Power Member=Component C9 Cap
Added Member To Class: ClassName=Power Member=Component C10 Cap Semi
Added Member To Class: ClassName=Power Member=Component C11 Cap
Added Member To Class: ClassName=Power Member=Component C12 Cap
Added Member To Class: ClassName=Power Member=Component C13 Cap
Added Member To Class: ClassName=Regulator Member=Component C14 Cap Semi
Added Member To Class: ClassName=Regulator Member=Component C15 Cap Semi
Added Member To Class: ClassName=Regulator Member=Component C16 Cap Semi
Added Member To Class: ClassName=Regulator Member=Component C17 Cap Semi
Added Member To Class: ClassName=Regulator Member=Component C18 Cap Semi
Added Member To Class: ClassName=Regulator Member=Component C19 Cap Semi
Added Member To Class: ClassName=Regulator Member=Component C20 Cap Semi
Added Member To Class: ClassName=Regulator Member=Component C21 Cap Semi
Added Member To Class: ClassName=Regulator Member=Component C22 Cap Semi
Added Member To Class: ClassName=Regulator Member=Component C23 Cap Semi
Added Member To Class: ClassName=Regulator Member=Component C24 Cap Semi
Added Member To Class: ClassName=Regulator Member=Component C25 Cap Semi
Added Member To Class: ClassName=Regulator Member=Component C26 Cap Semi
Added Member To Class: ClassName=Regulator Member=Component C27 Cap Semi
Added Member To Class: ClassName=VS1063 Member=Component C28 Cap Semi
Added Member To Class: ClassName=VS1063 Member=Component C29 Cap Semi
Added Member To Class: ClassName=VS1063 Member=Component C30 Cap Semi
Added Member To Class: ClassName=VS1063 Member=Component C31 Cap Semi
Added Member To Class: ClassName=VS1063 Member=Component C32 Cap Semi
Added Member To Class: ClassName=VS1063 Member=Component C33 Cap
Added Member To Class: ClassName=VS1063 Member=Component C34 Cap
Added Member To Class: ClassName=VS1063 Member=Component C35 Cap Semi
Added Member To Class: ClassName=VS1063 Member=Component C36 Cap Semi
Added Member To Class: ClassName=VS1063 Member=Component C37 Cap Semi
Added Member To Class: ClassName=VS1063 Member=Component C38 Cap Semi
Added Member To Class: ClassName=VS1063 Member=Component C39 Cap Semi
Added Member To Class: ClassName=VS1063 Member=Component C40 Cap Semi
Added Member To Class: ClassName=VS1063 Member=Component C41 Cap Semi
Added Member To Class: ClassName=VS1063 Member=Component C42 Cap Semi
Added Member To Class: ClassName=VS1063 Member=Component C43 Cap Semi
Added Member To Class: ClassName=VS1063 Member=Component C44 Cap Pol3
Added Member To Class: ClassName=VS1063 Member=Component C45 Cap Semi
Added Member To Class: ClassName=VS1063 Member=Component C46 Cap Semi
Added Member To Class: ClassName=VS1063 Member=Component C47 Cap Pol3
Added Member To Class: ClassName=VS1063 Member=Component C48 Cap Semi
Added Member To Class: ClassName=VS1063 Member=Component C49 Cap Semi
Added Member To Class: ClassName=VS1063 Member=Component C50 Cap Semi
Added Member To Class: ClassName=VS1063 Member=Component C51 Cap Semi
Added Member To Class: ClassName=VS1063 Member=Component C52 Cap Semi
Added Member To Class: ClassName=µC Member=Component C53 Cap Semi
Added Member To Class: ClassName=µC Member=Component C54 Cap Semi
Added Member To Class: ClassName=µC Member=Component C55 Cap Semi
Added Member To Class: ClassName=µC Member=Component C56 Cap Semi
Added Member To Class: ClassName=µC Member=Component C57 Cap Semi
Added Member To Class: ClassName=µC Member=Component C58 Cap Semi
Added Member To Class: ClassName=µC Member=Component C59 Cap Semi
Added Member To Class: ClassName=µC Member=Component C60 Cap Semi
Added Member To Class: ClassName=µC Member=Component C61 Cap
Added Member To Class: ClassName=µC Member=Component C62 Cap
Added Member To Class: ClassName=µC Member=Component C63 Cap
Added Member To Class: ClassName=µC Member=Component C64 Cap
Added Member To Class: ClassName=µC Member=Component C65 Cap Semi
Added Member To Class: ClassName=µC Member=Component C66 Cap Semi
Added Member To Class: ClassName=µC Member=Component C67 Cap Semi
Added Member To Class: ClassName=µC Member=Component C68 Cap Semi
Added Member To Class: ClassName=Power Member=Component D1 LED0
Added Member To Class: ClassName=VS1063 Member=Component D2 LED0
Added Member To Class: ClassName=VS1063 Member=Component D3 LED0
Added Member To Class: ClassName=VS1063 Member=Component D4 LED0
Added Member To Class: ClassName=VS1063 Member=Component D5 LED0
Added Member To Class: ClassName=µC Member=Component D6 LED0
Added Member To Class: ClassName=µC Member=Component D7 LED0
Added Member To Class: ClassName=Interfaces Member=Component J1 Stree audio jack
Added Member To Class: ClassName=Power Member=Component L1 Ferrite Bead
Added Member To Class: ClassName=Power Member=Component L2 Ferrite Bead
Added Member To Class: ClassName=Regulator Member=Component L3 TMPC0603H-100MG-D
Added Member To Class: ClassName=µC Member=Component L4 Ferrite Bead
Added Member To Class: ClassName=µC Member=Component L5 Ferrite Bead
Added Member To Class: ClassName=VS1063 Member=Component MK1 EM-6022P
Added Member To Class: ClassName=Interfaces Member=Component P1 VS_UART
Added Member To Class: ClassName=Interfaces Member=Component P2 Rpi
Added Member To Class: ClassName=Interfaces Member=Component P3 SWI
Added Member To Class: ClassName=Power Member=Component P4 Header 2
Added Member To Class: ClassName=Power Member=Component P5 USB Serial
Added Member To Class: ClassName=Interfaces Member=Component Q1 IRLML6401
Added Member To Class: ClassName=Power Member=Component Q2 IRLML6401
Added Member To Class: ClassName=Power Member=Component Q3 IRLML6401
Added Member To Class: ClassName=Interfaces Member=Component R1 Res Semi
Added Member To Class: ClassName=Interfaces Member=Component R2 Res1
Added Member To Class: ClassName=Interfaces Member=Component R3 Res1
Added Member To Class: ClassName=Interfaces Member=Component R4 Res1
Added Member To Class: ClassName=Interfaces Member=Component R5 Res1
Added Member To Class: ClassName=Interfaces Member=Component R6 Res1
Added Member To Class: ClassName=Interfaces Member=Component R7 Res1
Added Member To Class: ClassName=Interfaces Member=Component R8 Res1
Added Member To Class: ClassName=Power Member=Component R9 Res Semi
Added Member To Class: ClassName=Power Member=Component R10 Res Semi
Added Member To Class: ClassName=Power Member=Component R11 Res Semi
Added Member To Class: ClassName=Power Member=Component R12 Res Semi
Added Member To Class: ClassName=Power Member=Component R13 Res Semi
Added Member To Class: ClassName=Power Member=Component R14 Res Semi
Added Member To Class: ClassName=Power Member=Component R15 Res Semi
Added Member To Class: ClassName=Power Member=Component R16 Res Semi
Added Member To Class: ClassName=Power Member=Component R17 Res Semi
Added Member To Class: ClassName=Regulator Member=Component R18 Res1
Added Member To Class: ClassName=Regulator Member=Component R19 Res1
Added Member To Class: ClassName=Regulator Member=Component R20 Res1
Added Member To Class: ClassName=Regulator Member=Component R21 Res1
Added Member To Class: ClassName=Regulator Member=Component R22 Res1
Added Member To Class: ClassName=Regulator Member=Component R23 Res1
Added Member To Class: ClassName=Regulator Member=Component R24 Res1
Added Member To Class: ClassName=Regulator Member=Component R25 Res1
Added Member To Class: ClassName=Regulator Member=Component R26 Res1
Added Member To Class: ClassName=Regulator Member=Component R27 Res1
Added Member To Class: ClassName=Regulator Member=Component R28 Res1
Added Member To Class: ClassName=Regulator Member=Component R29 Res1
Added Member To Class: ClassName=Regulator Member=Component R30 Res1
Added Member To Class: ClassName=Regulator Member=Component R31 Res1
Added Member To Class: ClassName=Regulator Member=Component R32 Res1
Added Member To Class: ClassName=Regulator Member=Component R33 Res1
Added Member To Class: ClassName=Regulator Member=Component R34 Res1
Added Member To Class: ClassName=Regulator Member=Component R35 Res1
Added Member To Class: ClassName=Regulator Member=Component R36 Res1
Added Member To Class: ClassName=Regulator Member=Component R37 Res1
Added Member To Class: ClassName=Regulator Member=Component R38 Res1
Added Member To Class: ClassName=Regulator Member=Component R39 Res1
Added Member To Class: ClassName=VS1063 Member=Component R40 Res1
Added Member To Class: ClassName=VS1063 Member=Component R41 Res1
Added Member To Class: ClassName=VS1063 Member=Component R42 Res1
Added Member To Class: ClassName=VS1063 Member=Component R43 Res1
Added Member To Class: ClassName=VS1063 Member=Component R44 Res1
Added Member To Class: ClassName=VS1063 Member=Component R45 Res1
Added Member To Class: ClassName=VS1063 Member=Component R46 Res1
Added Member To Class: ClassName=VS1063 Member=Component R47 Res1
Added Member To Class: ClassName=VS1063 Member=Component R48 Res Semi
Added Member To Class: ClassName=VS1063 Member=Component R49 Res Semi
Added Member To Class: ClassName=VS1063 Member=Component R50 Res Semi
Added Member To Class: ClassName=VS1063 Member=Component R51 Res Semi
Added Member To Class: ClassName=VS1063 Member=Component R52 Res1
Added Member To Class: ClassName=VS1063 Member=Component R53 Res1
Added Member To Class: ClassName=VS1063 Member=Component R54 Res1
Added Member To Class: ClassName=VS1063 Member=Component R55 Res1
Added Member To Class: ClassName=VS1063 Member=Component R56 Res1
Added Member To Class: ClassName=VS1063 Member=Component R57 Res1
Added Member To Class: ClassName=µC Member=Component R58 Res1
Added Member To Class: ClassName=µC Member=Component R59 Res1
Added Member To Class: ClassName=µC Member=Component R60 Res1
Added Member To Class: ClassName=µC Member=Component R61 Res1
Added Member To Class: ClassName=µC Member=Component R62 Res1
Added Member To Class: ClassName=µC Member=Component R63 Res1
Added Member To Class: ClassName=µC Member=Component R64 Res1
Added Member To Class: ClassName=µC Member=Component R65 Res1
Added Member To Class: ClassName=µC Member=Component R66 Res1
Added Member To Class: ClassName=µC Member=Component R67 Res1
Added Member To Class: ClassName=µC Member=Component R68 Res Semi
Added Member To Class: ClassName=µC Member=Component R69 Res Semi
Added Member To Class: ClassName=µC Member=Component R70 Res1
Added Member To Class: ClassName=Regulator Member=Component S1 SW-SPDT
Added Member To Class: ClassName=µC Member=Component S2 SW-PB
Added Member To Class: ClassName=µC Member=Component S3 SW-PB
Added Member To Class: ClassName=µC Member=Component S4 SW-PB
Added Member To Class: ClassName=µC Member=Component S5 SW-PB
Added Member To Class: ClassName=µC Member=Component S6 SW-PB
Added Member To Class: ClassName=Interfaces Member=Component SD1 SD card holder
Added Member To Class: ClassName=Power Member=Component U1 MAX1555
Added Member To Class: ClassName=Power Member=Component U2 PRTR5V0U2D
Added Member To Class: ClassName=Power Member=Component U3 LTC4412
Added Member To Class: ClassName=Regulator Member=Component U4 Buck converter
Added Member To Class: ClassName=Regulator Member=Component U5 TPS73601
Added Member To Class: ClassName=Regulator Member=Component U6 TPS76301
Added Member To Class: ClassName=Regulator Member=Component U7 TPS73601
Added Member To Class: ClassName=VS1063 Member=Component U8 VS1063
Added Member To Class: ClassName=µC Member=Component U9 STM32F103RCT6
Added Member To Class: ClassName=VS1063 Member=Component Y1 XTAL
Added Member To Class: ClassName=µC Member=Component Y2 XTAL
Added Member To Class: ClassName=µC Member=Component Y3 CM415-32.768kHz
Added Room: Name=Interfaces
Added Room: Name=Power
Added Room: Name=Regulator
Added Room: Name=VS1063
Added Room: Name=µC
